<?xml version="1.0" encoding="UTF-8"?>
<robot generator="Robot 7.4.1 (Python 3.13.7 on linux)" generated="2026-02-24T09:09:38.988394" rpa="false" schemaversion="5">
<suite id="s1" name="Tests" source="/home/vamshi/bhanu/Wipro/Capstone_Project/robot-framework/tests">
<suite id="s1-s1" name="00 User Registration" source="/home/vamshi/bhanu/Wipro/Capstone_Project/robot-framework/tests/00_user_registration.robot">
<kw name="Open Application" owner="common" type="SETUP">
<kw name="Open Browser" owner="SeleniumLibrary">
<msg time="2026-02-24T09:09:39.239738" level="INFO">Opening browser 'chrome' to base url 'https://practice.automationtesting.in/'.</msg>
<arg>${URL}</arg>
<arg>${browser}</arg>
<doc>Opens a new browser instance to the optional ``url``.</doc>
<status status="PASS" start="2026-02-24T09:09:39.239358" elapsed="7.288738"/>
</kw>
<kw name="Maximize Browser Window" owner="SeleniumLibrary">
<doc>Maximizes current browser window.</doc>
<status status="PASS" start="2026-02-24T09:09:46.528422" elapsed="0.118068"/>
</kw>
<kw name="Set Selenium Timeout" owner="SeleniumLibrary">
<arg>${TIMEOUT}</arg>
<doc>Sets the timeout that is used by various keywords.</doc>
<status status="PASS" start="2026-02-24T09:09:46.646893" elapsed="0.002120"/>
</kw>
<status status="PASS" start="2026-02-24T09:09:39.238332" elapsed="7.410922"/>
</kw>
<test id="s1-s1-t1" name="User1" line="10">
<kw name="Register User">
<if>
<branch type="IF" condition="'${EXPECTED}' != 'PASS'">
<kw name="Skip" owner="BuiltIn">
<arg>Not registration user</arg>
<doc>Skips the rest of the current test.</doc>
<status status="NOT RUN" start="2026-02-24T09:09:46.652380" elapsed="0.000075"/>
</kw>
<status status="NOT RUN" start="2026-02-24T09:09:46.652024" elapsed="0.000497"/>
</branch>
<status status="PASS" start="2026-02-24T09:09:46.651979" elapsed="0.000597"/>
</if>
<kw name="Go To" owner="SeleniumLibrary">
<msg time="2026-02-24T09:09:46.652851" level="INFO">Opening url 'https://practice.automationtesting.in/my-account/'</msg>
<arg>https://practice.automationtesting.in/my-account/</arg>
<doc>Navigates the current browser window to the provided ``url``.</doc>
<status status="PASS" start="2026-02-24T09:09:46.652698" elapsed="2.717381"/>
</kw>
<kw name="Wait Until Page Contains Element" owner="SeleniumLibrary">
<arg>id=reg_email</arg>
<doc>Waits until the element ``locator`` appears on the current page.</doc>
<status status="PASS" start="2026-02-24T09:09:49.370499" elapsed="0.101059"/>
</kw>
<kw name="Input Text" owner="SeleniumLibrary">
<msg time="2026-02-24T09:09:49.472515" level="INFO">Typing text 'testuser13@test.com' into text field 'id=reg_email'.</msg>
<arg>id=reg_email</arg>
<arg>${EMAIL}</arg>
<doc>Types the given ``text`` into the text field identified by ``locator``.</doc>
<status status="PASS" start="2026-02-24T09:09:49.471978" elapsed="0.723991"/>
</kw>
<kw name="Textfield Value Should Be" owner="SeleniumLibrary">
<msg time="2026-02-24T09:09:50.390552" level="INFO">Content of text field 'id=reg_email' is 'testuser13@test.com'.</msg>
<arg>id=reg_email</arg>
<arg>${EMAIL}</arg>
<doc>Verifies text field ``locator`` has exactly text ``expected``.</doc>
<status status="PASS" start="2026-02-24T09:09:50.196419" elapsed="0.194272"/>
</kw>
<kw name="Input Text" owner="SeleniumLibrary">
<msg time="2026-02-24T09:09:50.391418" level="INFO">Typing text 'Omkar@2003' into text field 'id=reg_password'.</msg>
<arg>id=reg_password</arg>
<arg>${PASSWORD}</arg>
<doc>Types the given ``text`` into the text field identified by ``locator``.</doc>
<status status="PASS" start="2026-02-24T09:09:50.390996" elapsed="0.262838"/>
</kw>
<kw name="Element Should Be Visible" owner="SeleniumLibrary">
<msg time="2026-02-24T09:09:50.685688" level="INFO">Element 'id=reg_password' is displayed.</msg>
<arg>id=reg_password</arg>
<doc>Verifies that the element identified by ``locator`` is visible.</doc>
<status status="PASS" start="2026-02-24T09:09:50.654094" elapsed="0.031739"/>
</kw>
<kw name="Click Button" owner="SeleniumLibrary">
<msg time="2026-02-24T09:09:50.686368" level="INFO">Clicking button 'name=register'.</msg>
<arg>name=register</arg>
<doc>Clicks the button identified by ``locator``.</doc>
<status status="PASS" start="2026-02-24T09:09:50.686061" elapsed="1.850081"/>
</kw>
<kw name="Wait Until Keyword Succeeds" owner="BuiltIn">
<kw name="Check Registration Result">
<kw name="Run Keyword And Return Status" owner="BuiltIn">
<kw name="Page Should Contain" owner="SeleniumLibrary">
<msg time="2026-02-24T09:09:53.413591" level="INFO" html="true">&lt;/td&gt;&lt;/tr&gt;&lt;tr&gt;&lt;td colspan="3"&gt;&lt;a href="selenium-screenshot-124.png"&gt;&lt;img src="selenium-screenshot-124.png" width="800px"&gt;&lt;/a&gt;</msg>
<msg time="2026-02-24T09:09:53.414001" level="FAIL">Page should have contained text 'Logout' but did not.</msg>
<arg>Logout</arg>
<doc>Verifies that current page contains ``text``.</doc>
<status status="FAIL" start="2026-02-24T09:09:52.538692" elapsed="0.947551">Page should have contained text 'Logout' but did not.</status>
</kw>
<msg time="2026-02-24T09:09:53.486833" level="INFO">${logout} = False</msg>
<var>${logout}</var>
<arg>Page Should Contain</arg>
<arg>Logout</arg>
<doc>Runs the specified keyword and returns the status as a Boolean value.</doc>
<status status="PASS" start="2026-02-24T09:09:52.538144" elapsed="0.948763"/>
</kw>
<kw name="Run Keyword And Return Status" owner="BuiltIn">
<kw name="Page Should Contain" owner="SeleniumLibrary">
<msg time="2026-02-24T09:09:53.503733" level="INFO">Current page contains text 'already registered'.</msg>
<arg>already registered</arg>
<doc>Verifies that current page contains ``text``.</doc>
<status status="PASS" start="2026-02-24T09:09:53.487957" elapsed="0.015974"/>
</kw>
<msg time="2026-02-24T09:09:53.504116" level="INFO">${exists} = True</msg>
<var>${exists}</var>
<arg>Page Should Contain</arg>
<arg>already registered</arg>
<doc>Runs the specified keyword and returns the status as a Boolean value.</doc>
<status status="PASS" start="2026-02-24T09:09:53.487222" elapsed="0.016962"/>
</kw>
<if>
<branch type="IF" condition="${logout} or ${exists}">
<kw name="Log" owner="BuiltIn">
<msg time="2026-02-24T09:09:53.504960" level="INFO">Registration successful (new user or already registered)</msg>
<arg>Registration successful (new user or already registered)</arg>
<doc>Logs the given message with the given level.</doc>
<status status="PASS" start="2026-02-24T09:09:53.504664" elapsed="0.000349"/>
</kw>
<status status="PASS" start="2026-02-24T09:09:53.504351" elapsed="0.000706"/>
</branch>
<branch type="ELSE">
<kw name="Fail" owner="BuiltIn">
<arg>Registration failed - no expected result found</arg>
<doc>Fails the test with the given message and optionally alters its tags.</doc>
<status status="NOT RUN" start="2026-02-24T09:09:53.505215" elapsed="0.000034"/>
</kw>
<status status="NOT RUN" start="2026-02-24T09:09:53.505108" elapsed="0.000188"/>
</branch>
<status status="PASS" start="2026-02-24T09:09:53.504305" elapsed="0.001026"/>
</if>
<status status="PASS" start="2026-02-24T09:09:52.537708" elapsed="0.967695"/>
</kw>
<arg>15s</arg>
<arg>2s</arg>
<arg>Check Registration Result</arg>
<doc>Runs the specified keyword and retries if it fails.</doc>
<status status="PASS" start="2026-02-24T09:09:52.536640" elapsed="0.968838"/>
</kw>
<arg>EMAIL=testuser13@test.com</arg>
<arg>PASSWORD=Omkar@2003</arg>
<arg>FIRSTNAME=Omkar</arg>
<arg>LASTNAME=Reddy</arg>
<arg>PHONE=9876543210</arg>
<arg>CITY=Hyderabad</arg>
<arg>POSTCODE=500001</arg>
<arg>EXPECTED=PASS</arg>
<status status="PASS" start="2026-02-24T09:09:46.651358" elapsed="6.854180"/>
</kw>
<status status="PASS" start="2026-02-24T09:09:46.649460" elapsed="6.856309"/>
</test>
<kw name="Close Browser" owner="SeleniumLibrary" type="TEARDOWN">
<doc>Closes the current browser.</doc>
<status status="PASS" start="2026-02-24T09:09:53.506242" elapsed="0.086658"/>
</kw>
<status status="PASS" start="2026-02-24T09:09:39.015364" elapsed="14.577756"/>
</suite>
<suite id="s1-s2" name="01 Login Validation" source="/home/vamshi/bhanu/Wipro/Capstone_Project/robot-framework/tests/01_login_validation.robot">
<kw name="Open Application" owner="common" type="SETUP">
<kw name="Open Browser" owner="SeleniumLibrary">
<msg time="2026-02-24T09:09:53.622899" level="INFO">Opening browser 'chrome' to base url 'https://practice.automationtesting.in/'.</msg>
<arg>${URL}</arg>
<arg>${browser}</arg>
<doc>Opens a new browser instance to the optional ``url``.</doc>
<status status="PASS" start="2026-02-24T09:09:53.622539" elapsed="3.244252"/>
</kw>
<kw name="Maximize Browser Window" owner="SeleniumLibrary">
<doc>Maximizes current browser window.</doc>
<status status="PASS" start="2026-02-24T09:09:56.866963" elapsed="0.072767"/>
</kw>
<kw name="Set Selenium Timeout" owner="SeleniumLibrary">
<arg>${TIMEOUT}</arg>
<doc>Sets the timeout that is used by various keywords.</doc>
<status status="PASS" start="2026-02-24T09:09:56.940002" elapsed="0.001437"/>
</kw>
<status status="PASS" start="2026-02-24T09:09:53.621911" elapsed="3.319641"/>
</kw>
<test id="s1-s2-t1" name="User1" line="11">
<kw name="Go To Fresh Login Page" type="SETUP">
<kw name="Go To" owner="SeleniumLibrary">
<msg time="2026-02-24T09:09:56.943065" level="INFO">Opening url 'https://practice.automationtesting.in/my-account/'</msg>
<arg>https://practice.automationtesting.in/my-account/</arg>
<doc>Navigates the current browser window to the provided ``url``.</doc>
<status status="PASS" start="2026-02-24T09:09:56.942936" elapsed="1.120693"/>
</kw>
<kw name="Wait Until Page Contains Element" owner="SeleniumLibrary">
<arg>id=username</arg>
<doc>Waits until the element ``locator`` appears on the current page.</doc>
<status status="PASS" start="2026-02-24T09:09:58.063862" elapsed="0.024472"/>
</kw>
<kw name="Run Keyword And Ignore Error" owner="BuiltIn">
<kw name="Logout User" owner="login_keywords">
<kw name="Go To" owner="SeleniumLibrary">
<msg time="2026-02-24T09:09:58.090405" level="INFO">Opening url 'https://practice.automationtesting.in/my-account/'</msg>
<arg>https://practice.automationtesting.in/my-account/</arg>
<doc>Navigates the current browser window to the provided ``url``.</doc>
<status status="PASS" start="2026-02-24T09:09:58.090245" elapsed="1.602526"/>
</kw>
<kw name="Wait Until Page Contains Element" owner="SeleniumLibrary">
<arg>css=body</arg>
<doc>Waits until the element ``locator`` appears on the current page.</doc>
<status status="PASS" start="2026-02-24T09:09:59.693053" elapsed="0.012567"/>
</kw>
<kw name="Run Keyword And Ignore Error" owner="BuiltIn">
<kw name="Click Element" owner="SeleniumLibrary">
<msg time="2026-02-24T09:09:59.706429" level="INFO">Clicking element 'xpath=//a[text()='Logout']'.</msg>
<msg time="2026-02-24T09:09:59.935699" level="INFO" html="true">&lt;/td&gt;&lt;/tr&gt;&lt;tr&gt;&lt;td colspan="3"&gt;&lt;a href="selenium-screenshot-125.png"&gt;&lt;img src="selenium-screenshot-125.png" width="800px"&gt;&lt;/a&gt;</msg>
<msg time="2026-02-24T09:09:59.935930" level="FAIL">Element with locator 'xpath=//a[text()='Logout']' not found.</msg>
<arg>xpath=//a[text()='Logout']</arg>
<doc>Click the element identified by ``locator``.</doc>
<status status="FAIL" start="2026-02-24T09:09:59.706201" elapsed="0.231671">Element with locator 'xpath=//a[text()='Logout']' not found.</status>
</kw>
<arg>Click Element</arg>
<arg>xpath=//a[text()='Logout']</arg>
<doc>Runs the given keyword with the given arguments and ignores possible error.</doc>
<status status="PASS" start="2026-02-24T09:09:59.705814" elapsed="0.232275"/>
</kw>
<kw name="Wait Until Element Is Visible" owner="SeleniumLibrary">
<arg>id=username</arg>
<arg>15s</arg>
<doc>Waits until the element ``locator`` is visible.</doc>
<status status="PASS" start="2026-02-24T09:09:59.938350" elapsed="0.030979"/>
</kw>
<status status="PASS" start="2026-02-24T09:09:58.089939" elapsed="1.879601"/>
</kw>
<arg>Logout User</arg>
<doc>Runs the given keyword with the given arguments and ignores possible error.</doc>
<status status="PASS" start="2026-02-24T09:09:58.088575" elapsed="1.881052"/>
</kw>
<kw name="Go To" owner="SeleniumLibrary">
<msg time="2026-02-24T09:09:59.970072" level="INFO">Opening url 'https://practice.automationtesting.in/my-account/'</msg>
<arg>https://practice.automationtesting.in/my-account/</arg>
<doc>Navigates the current browser window to the provided ``url``.</doc>
<status status="PASS" start="2026-02-24T09:09:59.969856" elapsed="2.134930"/>
</kw>
<kw name="Wait Until Element Is Visible" owner="SeleniumLibrary">
<arg>id=username</arg>
<doc>Waits until the element ``locator`` is visible.</doc>
<status status="PASS" start="2026-02-24T09:10:02.105018" elapsed="0.014760"/>
</kw>
<status status="PASS" start="2026-02-24T09:09:56.942685" elapsed="5.177209"/>
</kw>
<kw name="Login Validation Template">
<kw name="Login User" owner="login_keywords">
<kw name="Input Text" owner="SeleniumLibrary">
<msg time="2026-02-24T09:10:02.121040" level="INFO">Typing text 'testuser1@test.com' into text field 'id=username'.</msg>
<arg>id=username</arg>
<arg>${EMAIL}</arg>
<doc>Types the given ``text`` into the text field identified by ``locator``.</doc>
<status status="PASS" start="2026-02-24T09:10:02.120848" elapsed="0.179033"/>
</kw>
<kw name="Input Text" owner="SeleniumLibrary">
<msg time="2026-02-24T09:10:02.300572" level="INFO">Typing text 'Omkar@2003' into text field 'id=password'.</msg>
<arg>id=password</arg>
<arg>${PASSWORD}</arg>
<doc>Types the given ``text`` into the text field identified by ``locator``.</doc>
<status status="PASS" start="2026-02-24T09:10:02.300183" elapsed="0.117344"/>
</kw>
<kw name="Click Button" owner="SeleniumLibrary">
<msg time="2026-02-24T09:10:02.418071" level="INFO">Clicking button 'name=login'.</msg>
<arg>name=login</arg>
<doc>Clicks the button identified by ``locator``.</doc>
<status status="PASS" start="2026-02-24T09:10:02.417827" elapsed="1.661672"/>
</kw>
<arg>${EMAIL}</arg>
<arg>${PASSWORD}</arg>
<status status="PASS" start="2026-02-24T09:10:02.120593" elapsed="1.959067"/>
</kw>
<kw name="Run Keyword And Return Status" owner="BuiltIn">
<kw name="Wait Until Element Is Visible" owner="SeleniumLibrary">
<arg>css=div.woocommerce-MyAccount-content</arg>
<arg>5s</arg>
<doc>Waits until the element ``locator`` is visible.</doc>
<status status="PASS" start="2026-02-24T09:10:04.080331" elapsed="0.016343"/>
</kw>
<msg time="2026-02-24T09:10:04.096836" level="INFO">${dashboard_visible} = True</msg>
<var>${dashboard_visible}</var>
<arg>Wait Until Element Is Visible</arg>
<arg>css=div.woocommerce-MyAccount-content</arg>
<arg>5s</arg>
<doc>Runs the specified keyword and returns the status as a Boolean value.</doc>
<status status="PASS" start="2026-02-24T09:10:04.079892" elapsed="0.016991"/>
</kw>
<if>
<branch type="IF" condition="'${EXPECTED}'=='PASS'">
<kw name="Should Be True" owner="BuiltIn">
<arg>${dashboard_visible}</arg>
<doc>Fails if the given condition is not true.</doc>
<status status="PASS" start="2026-02-24T09:10:04.097497" elapsed="0.000332"/>
</kw>
<kw name="Logout User" owner="login_keywords">
<kw name="Go To" owner="SeleniumLibrary">
<msg time="2026-02-24T09:10:04.098365" level="INFO">Opening url 'https://practice.automationtesting.in/my-account/'</msg>
<arg>https://practice.automationtesting.in/my-account/</arg>
<doc>Navigates the current browser window to the provided ``url``.</doc>
<status status="PASS" start="2026-02-24T09:10:04.098264" elapsed="2.288492"/>
</kw>
<kw name="Wait Until Page Contains Element" owner="SeleniumLibrary">
<arg>css=body</arg>
<doc>Waits until the element ``locator`` appears on the current page.</doc>
<status status="PASS" start="2026-02-24T09:10:06.387012" elapsed="0.007325"/>
</kw>
<kw name="Run Keyword And Ignore Error" owner="BuiltIn">
<kw name="Click Element" owner="SeleniumLibrary">
<msg time="2026-02-24T09:10:06.395438" level="INFO">Clicking element 'xpath=//a[text()='Logout']'.</msg>
<arg>xpath=//a[text()='Logout']</arg>
<doc>Click the element identified by ``locator``.</doc>
<status status="PASS" start="2026-02-24T09:10:06.395131" elapsed="1.388617"/>
</kw>
<arg>Click Element</arg>
<arg>xpath=//a[text()='Logout']</arg>
<doc>Runs the given keyword with the given arguments and ignores possible error.</doc>
<status status="PASS" start="2026-02-24T09:10:06.394627" elapsed="1.389246"/>
</kw>
<kw name="Wait Until Element Is Visible" owner="SeleniumLibrary">
<arg>id=username</arg>
<arg>15s</arg>
<doc>Waits until the element ``locator`` is visible.</doc>
<status status="PASS" start="2026-02-24T09:10:07.784030" elapsed="0.025503"/>
</kw>
<status status="PASS" start="2026-02-24T09:10:04.098029" elapsed="3.711649"/>
</kw>
<kw name="Wait Until Element Is Visible" owner="SeleniumLibrary">
<arg>id=username</arg>
<doc>Waits until the element ``locator`` is visible.</doc>
<status status="PASS" start="2026-02-24T09:10:07.809821" elapsed="0.011530"/>
</kw>
<status status="PASS" start="2026-02-24T09:10:04.096983" elapsed="3.724457"/>
</branch>
<status status="PASS" start="2026-02-24T09:10:04.096954" elapsed="3.724535"/>
</if>
<if>
<branch type="IF" condition="'${EXPECTED}'=='FAIL'">
<kw name="Should Not Be True" owner="BuiltIn">
<arg>${dashboard_visible}</arg>
<doc>Fails if the given condition is true.</doc>
<status status="NOT RUN" start="2026-02-24T09:10:07.821806" elapsed="0.000056"/>
</kw>
<status status="NOT RUN" start="2026-02-24T09:10:07.821563" elapsed="0.000333"/>
</branch>
<status status="PASS" start="2026-02-24T09:10:07.821543" elapsed="0.000383"/>
</if>
<arg>EMAIL=testuser1@test.com</arg>
<arg>PASSWORD=Omkar@2003</arg>
<arg>FIRSTNAME=Omkar</arg>
<arg>LASTNAME=Reddy</arg>
<arg>PHONE=9876543210</arg>
<arg>CITY=Hyderabad</arg>
<arg>POSTCODE=500001</arg>
<arg>EXPECTED=PASS</arg>
<status status="PASS" start="2026-02-24T09:10:02.120216" elapsed="5.701762"/>
</kw>
<status status="PASS" start="2026-02-24T09:09:56.941655" elapsed="10.880481"/>
</test>
<test id="s1-s2-t2" name="User2" line="11">
<kw name="Go To Fresh Login Page" type="SETUP">
<kw name="Go To" owner="SeleniumLibrary">
<msg time="2026-02-24T09:10:07.823464" level="INFO">Opening url 'https://practice.automationtesting.in/my-account/'</msg>
<arg>https://practice.automationtesting.in/my-account/</arg>
<doc>Navigates the current browser window to the provided ``url``.</doc>
<status status="PASS" start="2026-02-24T09:10:07.823359" elapsed="1.010654"/>
</kw>
<kw name="Wait Until Page Contains Element" owner="SeleniumLibrary">
<arg>id=username</arg>
<doc>Waits until the element ``locator`` appears on the current page.</doc>
<status status="PASS" start="2026-02-24T09:10:08.834234" elapsed="0.018607"/>
</kw>
<kw name="Run Keyword And Ignore Error" owner="BuiltIn">
<kw name="Logout User" owner="login_keywords">
<kw name="Go To" owner="SeleniumLibrary">
<msg time="2026-02-24T09:10:08.853810" level="INFO">Opening url 'https://practice.automationtesting.in/my-account/'</msg>
<arg>https://practice.automationtesting.in/my-account/</arg>
<doc>Navigates the current browser window to the provided ``url``.</doc>
<status status="PASS" start="2026-02-24T09:10:08.853681" elapsed="1.913087"/>
</kw>
<kw name="Wait Until Page Contains Element" owner="SeleniumLibrary">
<arg>css=body</arg>
<doc>Waits until the element ``locator`` appears on the current page.</doc>
<status status="PASS" start="2026-02-24T09:10:10.767014" elapsed="0.007356"/>
</kw>
<kw name="Run Keyword And Ignore Error" owner="BuiltIn">
<kw name="Click Element" owner="SeleniumLibrary">
<msg time="2026-02-24T09:10:10.775098" level="INFO">Clicking element 'xpath=//a[text()='Logout']'.</msg>
<msg time="2026-02-24T09:10:10.930808" level="INFO" html="true">&lt;/td&gt;&lt;/tr&gt;&lt;tr&gt;&lt;td colspan="3"&gt;&lt;a href="selenium-screenshot-126.png"&gt;&lt;img src="selenium-screenshot-126.png" width="800px"&gt;&lt;/a&gt;</msg>
<msg time="2026-02-24T09:10:10.931012" level="FAIL">Element with locator 'xpath=//a[text()='Logout']' not found.</msg>
<arg>xpath=//a[text()='Logout']</arg>
<doc>Click the element identified by ``locator``.</doc>
<status status="FAIL" start="2026-02-24T09:10:10.774942" elapsed="0.157072">Element with locator 'xpath=//a[text()='Logout']' not found.</status>
</kw>
<arg>Click Element</arg>
<arg>xpath=//a[text()='Logout']</arg>
<doc>Runs the given keyword with the given arguments and ignores possible error.</doc>
<status status="PASS" start="2026-02-24T09:10:10.774566" elapsed="0.157605"/>
</kw>
<kw name="Wait Until Element Is Visible" owner="SeleniumLibrary">
<arg>id=username</arg>
<arg>15s</arg>
<doc>Waits until the element ``locator`` is visible.</doc>
<status status="PASS" start="2026-02-24T09:10:10.932478" elapsed="0.014519"/>
</kw>
<status status="PASS" start="2026-02-24T09:10:08.853445" elapsed="2.093752"/>
</kw>
<arg>Logout User</arg>
<doc>Runs the given keyword with the given arguments and ignores possible error.</doc>
<status status="PASS" start="2026-02-24T09:10:08.853057" elapsed="2.094215"/>
</kw>
<kw name="Go To" owner="SeleniumLibrary">
<msg time="2026-02-24T09:10:10.947657" level="INFO">Opening url 'https://practice.automationtesting.in/my-account/'</msg>
<arg>https://practice.automationtesting.in/my-account/</arg>
<doc>Navigates the current browser window to the provided ``url``.</doc>
<status status="PASS" start="2026-02-24T09:10:10.947471" elapsed="1.254453"/>
</kw>
<kw name="Wait Until Element Is Visible" owner="SeleniumLibrary">
<arg>id=username</arg>
<doc>Waits until the element ``locator`` is visible.</doc>
<status status="PASS" start="2026-02-24T09:10:12.202097" elapsed="0.012290"/>
</kw>
<status status="PASS" start="2026-02-24T09:10:07.823146" elapsed="4.391412"/>
</kw>
<kw name="Login Validation Template">
<kw name="Login User" owner="login_keywords">
<kw name="Input Text" owner="SeleniumLibrary">
<msg time="2026-02-24T09:10:12.215742" level="INFO">Typing text 'testuser2@test.com' into text field 'id=username'.</msg>
<arg>id=username</arg>
<arg>${EMAIL}</arg>
<doc>Types the given ``text`` into the text field identified by ``locator``.</doc>
<status status="PASS" start="2026-02-24T09:10:12.215580" elapsed="0.088294"/>
</kw>
<kw name="Input Text" owner="SeleniumLibrary">
<msg time="2026-02-24T09:10:12.304496" level="INFO">Typing text 'Wrong123' into text field 'id=password'.</msg>
<arg>id=password</arg>
<arg>${PASSWORD}</arg>
<doc>Types the given ``text`` into the text field identified by ``locator``.</doc>
<status status="PASS" start="2026-02-24T09:10:12.304126" elapsed="0.116942"/>
</kw>
<kw name="Click Button" owner="SeleniumLibrary">
<msg time="2026-02-24T09:10:12.421575" level="INFO">Clicking button 'name=login'.</msg>
<arg>name=login</arg>
<doc>Clicks the button identified by ``locator``.</doc>
<status status="PASS" start="2026-02-24T09:10:12.421334" elapsed="0.938296"/>
</kw>
<arg>${EMAIL}</arg>
<arg>${PASSWORD}</arg>
<status status="PASS" start="2026-02-24T09:10:12.215323" elapsed="1.144469"/>
</kw>
<kw name="Run Keyword And Return Status" owner="BuiltIn">
<kw name="Wait Until Element Is Visible" owner="SeleniumLibrary">
<msg time="2026-02-24T09:10:18.749716" level="INFO" html="true">&lt;/td&gt;&lt;/tr&gt;&lt;tr&gt;&lt;td colspan="3"&gt;&lt;a href="selenium-screenshot-127.png"&gt;&lt;img src="selenium-screenshot-127.png" width="800px"&gt;&lt;/a&gt;</msg>
<msg time="2026-02-24T09:10:18.749860" level="FAIL">Element 'css=div.woocommerce-MyAccount-content' not visible after 5 seconds.</msg>
<arg>css=div.woocommerce-MyAccount-content</arg>
<arg>5s</arg>
<doc>Waits until the element ``locator`` is visible.</doc>
<status status="FAIL" start="2026-02-24T09:10:13.360341" elapsed="5.390611">Element 'css=div.woocommerce-MyAccount-content' not visible after 5 seconds.</status>
</kw>
<msg time="2026-02-24T09:10:18.751105" level="INFO">${dashboard_visible} = False</msg>
<var>${dashboard_visible}</var>
<arg>Wait Until Element Is Visible</arg>
<arg>css=div.woocommerce-MyAccount-content</arg>
<arg>5s</arg>
<doc>Runs the specified keyword and returns the status as a Boolean value.</doc>
<status status="PASS" start="2026-02-24T09:10:13.359958" elapsed="5.391175"/>
</kw>
<if>
<branch type="IF" condition="'${EXPECTED}'=='PASS'">
<kw name="Should Be True" owner="BuiltIn">
<arg>${dashboard_visible}</arg>
<doc>Fails if the given condition is not true.</doc>
<status status="NOT RUN" start="2026-02-24T09:10:18.751495" elapsed="0.000029"/>
</kw>
<kw name="Logout User" owner="login_keywords">
<status status="NOT RUN" start="2026-02-24T09:10:18.751668" elapsed="0.000028"/>
</kw>
<kw name="Wait Until Element Is Visible" owner="SeleniumLibrary">
<arg>id=username</arg>
<doc>Waits until the element ``locator`` is visible.</doc>
<status status="NOT RUN" start="2026-02-24T09:10:18.751774" elapsed="0.000026"/>
</kw>
<status status="NOT RUN" start="2026-02-24T09:10:18.751262" elapsed="0.000627"/>
</branch>
<status status="PASS" start="2026-02-24T09:10:18.751213" elapsed="0.000710"/>
</if>
<if>
<branch type="IF" condition="'${EXPECTED}'=='FAIL'">
<kw name="Should Not Be True" owner="BuiltIn">
<arg>${dashboard_visible}</arg>
<doc>Fails if the given condition is true.</doc>
<status status="PASS" start="2026-02-24T09:10:18.752138" elapsed="0.000303"/>
</kw>
<status status="PASS" start="2026-02-24T09:10:18.751969" elapsed="0.000516"/>
</branch>
<status status="PASS" start="2026-02-24T09:10:18.751956" elapsed="0.000561"/>
</if>
<arg>EMAIL=testuser2@test.com</arg>
<arg>PASSWORD=Wrong123</arg>
<arg>FIRSTNAME=</arg>
<arg>LASTNAME=</arg>
<arg>PHONE=9876543222</arg>
<arg>CITY=Chennai</arg>
<arg>POSTCODE=600001</arg>
<arg>EXPECTED=FAIL</arg>
<status status="PASS" start="2026-02-24T09:10:12.214930" elapsed="6.537644"/>
</kw>
<status status="PASS" start="2026-02-24T09:10:07.822399" elapsed="10.930356"/>
</test>
<test id="s1-s2-t3" name="User3" line="11">
<kw name="Go To Fresh Login Page" type="SETUP">
<kw name="Go To" owner="SeleniumLibrary">
<msg time="2026-02-24T09:10:18.755384" level="INFO">Opening url 'https://practice.automationtesting.in/my-account/'</msg>
<arg>https://practice.automationtesting.in/my-account/</arg>
<doc>Navigates the current browser window to the provided ``url``.</doc>
<status status="PASS" start="2026-02-24T09:10:18.755254" elapsed="1.185330"/>
</kw>
<kw name="Wait Until Page Contains Element" owner="SeleniumLibrary">
<arg>id=username</arg>
<doc>Waits until the element ``locator`` appears on the current page.</doc>
<status status="PASS" start="2026-02-24T09:10:19.940849" elapsed="0.006770"/>
</kw>
<kw name="Run Keyword And Ignore Error" owner="BuiltIn">
<kw name="Logout User" owner="login_keywords">
<kw name="Go To" owner="SeleniumLibrary">
<msg time="2026-02-24T09:10:19.948392" level="INFO">Opening url 'https://practice.automationtesting.in/my-account/'</msg>
<arg>https://practice.automationtesting.in/my-account/</arg>
<doc>Navigates the current browser window to the provided ``url``.</doc>
<status status="PASS" start="2026-02-24T09:10:19.948306" elapsed="0.783398"/>
</kw>
<kw name="Wait Until Page Contains Element" owner="SeleniumLibrary">
<arg>css=body</arg>
<doc>Waits until the element ``locator`` appears on the current page.</doc>
<status status="PASS" start="2026-02-24T09:10:20.731902" elapsed="0.018743"/>
</kw>
<kw name="Run Keyword And Ignore Error" owner="BuiltIn">
<kw name="Click Element" owner="SeleniumLibrary">
<msg time="2026-02-24T09:10:20.751396" level="INFO">Clicking element 'xpath=//a[text()='Logout']'.</msg>
<msg time="2026-02-24T09:10:20.909446" level="INFO" html="true">&lt;/td&gt;&lt;/tr&gt;&lt;tr&gt;&lt;td colspan="3"&gt;&lt;a href="selenium-screenshot-128.png"&gt;&lt;img src="selenium-screenshot-128.png" width="800px"&gt;&lt;/a&gt;</msg>
<msg time="2026-02-24T09:10:20.909661" level="FAIL">Element with locator 'xpath=//a[text()='Logout']' not found.</msg>
<arg>xpath=//a[text()='Logout']</arg>
<doc>Click the element identified by ``locator``.</doc>
<status status="FAIL" start="2026-02-24T09:10:20.751209" elapsed="0.159497">Element with locator 'xpath=//a[text()='Logout']' not found.</status>
</kw>
<arg>Click Element</arg>
<arg>xpath=//a[text()='Logout']</arg>
<doc>Runs the given keyword with the given arguments and ignores possible error.</doc>
<status status="PASS" start="2026-02-24T09:10:20.750848" elapsed="0.159979"/>
</kw>
<kw name="Wait Until Element Is Visible" owner="SeleniumLibrary">
<arg>id=username</arg>
<arg>15s</arg>
<doc>Waits until the element ``locator`` is visible.</doc>
<status status="PASS" start="2026-02-24T09:10:20.910984" elapsed="0.012836"/>
</kw>
<status status="PASS" start="2026-02-24T09:10:19.948115" elapsed="0.975868"/>
</kw>
<arg>Logout User</arg>
<doc>Runs the given keyword with the given arguments and ignores possible error.</doc>
<status status="PASS" start="2026-02-24T09:10:19.947804" elapsed="0.976253"/>
</kw>
<kw name="Go To" owner="SeleniumLibrary">
<msg time="2026-02-24T09:10:20.924487" level="INFO">Opening url 'https://practice.automationtesting.in/my-account/'</msg>
<arg>https://practice.automationtesting.in/my-account/</arg>
<doc>Navigates the current browser window to the provided ``url``.</doc>
<status status="PASS" start="2026-02-24T09:10:20.924250" elapsed="0.797730"/>
</kw>
<kw name="Wait Until Element Is Visible" owner="SeleniumLibrary">
<arg>id=username</arg>
<doc>Waits until the element ``locator`` is visible.</doc>
<status status="PASS" start="2026-02-24T09:10:21.722174" elapsed="0.025200"/>
</kw>
<status status="PASS" start="2026-02-24T09:10:18.754786" elapsed="2.992720"/>
</kw>
<kw name="Login Validation Template">
<kw name="Login User" owner="login_keywords">
<kw name="Input Text" owner="SeleniumLibrary">
<msg time="2026-02-24T09:10:21.748752" level="INFO">Typing text 'testuser3@test.com' into text field 'id=username'.</msg>
<arg>id=username</arg>
<arg>${EMAIL}</arg>
<doc>Types the given ``text`` into the text field identified by ``locator``.</doc>
<status status="PASS" start="2026-02-24T09:10:21.748598" elapsed="0.066954"/>
</kw>
<kw name="Input Text" owner="SeleniumLibrary">
<msg time="2026-02-24T09:10:21.816116" level="INFO">Typing text '' into text field 'id=password'.</msg>
<arg>id=password</arg>
<arg>${PASSWORD}</arg>
<doc>Types the given ``text`` into the text field identified by ``locator``.</doc>
<status status="PASS" start="2026-02-24T09:10:21.815834" elapsed="0.114424"/>
</kw>
<kw name="Click Button" owner="SeleniumLibrary">
<msg time="2026-02-24T09:10:21.930693" level="INFO">Clicking button 'name=login'.</msg>
<arg>name=login</arg>
<doc>Clicks the button identified by ``locator``.</doc>
<status status="PASS" start="2026-02-24T09:10:21.930508" elapsed="0.409745"/>
</kw>
<arg>${EMAIL}</arg>
<arg>${PASSWORD}</arg>
<status status="PASS" start="2026-02-24T09:10:21.748298" elapsed="0.592159"/>
</kw>
<kw name="Run Keyword And Return Status" owner="BuiltIn">
<kw name="Wait Until Element Is Visible" owner="SeleniumLibrary">
<msg time="2026-02-24T09:10:27.754980" level="INFO" html="true">&lt;/td&gt;&lt;/tr&gt;&lt;tr&gt;&lt;td colspan="3"&gt;&lt;a href="selenium-screenshot-129.png"&gt;&lt;img src="selenium-screenshot-129.png" width="800px"&gt;&lt;/a&gt;</msg>
<msg time="2026-02-24T09:10:27.755148" level="FAIL">Element 'css=div.woocommerce-MyAccount-content' not visible after 5 seconds.</msg>
<arg>css=div.woocommerce-MyAccount-content</arg>
<arg>5s</arg>
<doc>Waits until the element ``locator`` is visible.</doc>
<status status="FAIL" start="2026-02-24T09:10:22.341212" elapsed="5.414631">Element 'css=div.woocommerce-MyAccount-content' not visible after 5 seconds.</status>
</kw>
<msg time="2026-02-24T09:10:27.755976" level="INFO">${dashboard_visible} = False</msg>
<var>${dashboard_visible}</var>
<arg>Wait Until Element Is Visible</arg>
<arg>css=div.woocommerce-MyAccount-content</arg>
<arg>5s</arg>
<doc>Runs the specified keyword and returns the status as a Boolean value.</doc>
<status status="PASS" start="2026-02-24T09:10:22.340708" elapsed="5.415293"/>
</kw>
<if>
<branch type="IF" condition="'${EXPECTED}'=='PASS'">
<kw name="Should Be True" owner="BuiltIn">
<arg>${dashboard_visible}</arg>
<doc>Fails if the given condition is not true.</doc>
<status status="NOT RUN" start="2026-02-24T09:10:27.756316" elapsed="0.000038"/>
</kw>
<kw name="Logout User" owner="login_keywords">
<status status="NOT RUN" start="2026-02-24T09:10:27.756489" elapsed="0.000025"/>
</kw>
<kw name="Wait Until Element Is Visible" owner="SeleniumLibrary">
<arg>id=username</arg>
<doc>Waits until the element ``locator`` is visible.</doc>
<status status="NOT RUN" start="2026-02-24T09:10:27.756596" elapsed="0.000020"/>
</kw>
<status status="NOT RUN" start="2026-02-24T09:10:27.756106" elapsed="0.000536"/>
</branch>
<status status="PASS" start="2026-02-24T09:10:27.756081" elapsed="0.000591"/>
</if>
<if>
<branch type="IF" condition="'${EXPECTED}'=='FAIL'">
<kw name="Should Not Be True" owner="BuiltIn">
<arg>${dashboard_visible}</arg>
<doc>Fails if the given condition is true.</doc>
<status status="PASS" start="2026-02-24T09:10:27.756867" elapsed="0.000295"/>
</kw>
<status status="PASS" start="2026-02-24T09:10:27.756733" elapsed="0.000514"/>
</branch>
<status status="PASS" start="2026-02-24T09:10:27.756720" elapsed="0.000567"/>
</if>
<arg>EMAIL=testuser3@test.com</arg>
<arg>PASSWORD=</arg>
<arg>FIRSTNAME=Anil</arg>
<arg>LASTNAME=Varma</arg>
<arg>PHONE=</arg>
<arg>CITY=Bangalore</arg>
<arg>POSTCODE=560001</arg>
<arg>EXPECTED=FAIL</arg>
<status status="PASS" start="2026-02-24T09:10:21.747844" elapsed="6.009504"/>
</kw>
<status status="PASS" start="2026-02-24T09:10:18.752938" elapsed="9.004552"/>
</test>
<kw name="Close Application" owner="common" type="TEARDOWN">
<kw name="Close All Browsers" owner="SeleniumLibrary">
<doc>Closes all open browsers and resets the browser cache.</doc>
<status status="PASS" start="2026-02-24T09:10:27.757956" elapsed="0.089404"/>
</kw>
<status status="PASS" start="2026-02-24T09:10:27.757820" elapsed="0.089748"/>
</kw>
<status status="PASS" start="2026-02-24T09:09:53.595212" elapsed="34.252414"/>
</suite>
<suite id="s1-s3" name="02 Search Validation" source="/home/vamshi/bhanu/Wipro/Capstone_Project/robot-framework/tests/02_search_validation.robot">
<kw name="Open Application" owner="common" type="SETUP">
<kw name="Open Browser" owner="SeleniumLibrary">
<msg time="2026-02-24T09:10:27.851952" level="INFO">Opening browser 'chrome' to base url 'https://practice.automationtesting.in/'.</msg>
<arg>${URL}</arg>
<arg>${browser}</arg>
<doc>Opens a new browser instance to the optional ``url``.</doc>
<status status="PASS" start="2026-02-24T09:10:27.851781" elapsed="3.476422"/>
</kw>
<kw name="Maximize Browser Window" owner="SeleniumLibrary">
<doc>Maximizes current browser window.</doc>
<status status="PASS" start="2026-02-24T09:10:31.328469" elapsed="0.023181"/>
</kw>
<kw name="Set Selenium Timeout" owner="SeleniumLibrary">
<arg>${TIMEOUT}</arg>
<doc>Sets the timeout that is used by various keywords.</doc>
<status status="PASS" start="2026-02-24T09:10:31.351957" elapsed="0.001429"/>
</kw>
<status status="PASS" start="2026-02-24T09:10:27.851536" elapsed="3.501983"/>
</kw>
<test id="s1-s3-t1" name="Search With Valid Product" line="65">
<kw name="Go To Shop Page" type="SETUP">
<kw name="Go To" owner="SeleniumLibrary">
<msg time="2026-02-24T09:10:31.354793" level="INFO">Opening url 'https://practice.automationtesting.in/shop/'</msg>
<arg>https://practice.automationtesting.in/shop/</arg>
<doc>Navigates the current browser window to the provided ``url``.</doc>
<status status="PASS" start="2026-02-24T09:10:31.354621" elapsed="2.749506"/>
</kw>
<kw name="Wait Until Page Contains Element" owner="SeleniumLibrary">
<arg>id=content</arg>
<doc>Waits until the element ``locator`` appears on the current page.</doc>
<status status="PASS" start="2026-02-24T09:10:34.104487" elapsed="0.012501"/>
</kw>
<status status="PASS" start="2026-02-24T09:10:31.354257" elapsed="2.762930"/>
</kw>
<kw name="Search And Validate Products">
<kw name="Input Text" owner="SeleniumLibrary">
<msg time="2026-02-24T09:10:34.118399" level="INFO">Typing text 'HTML' into text field 'id=s'.</msg>
<arg>id=s</arg>
<arg>${product}</arg>
<doc>Types the given ``text`` into the text field identified by ``locator``.</doc>
<status status="PASS" start="2026-02-24T09:10:34.118072" elapsed="0.127293"/>
</kw>
<kw name="Textfield Value Should Be" owner="SeleniumLibrary">
<msg time="2026-02-24T09:10:34.286526" level="INFO">Content of text field 'id=s' is 'HTML'.</msg>
<arg>id=s</arg>
<arg>${product}</arg>
<doc>Verifies text field ``locator`` has exactly text ``expected``.</doc>
<status status="PASS" start="2026-02-24T09:10:34.245679" elapsed="0.040948"/>
</kw>
<kw name="Press Keys" owner="SeleniumLibrary">
<msg time="2026-02-24T09:10:34.287125" level="INFO">Sending key(s) ('ENTER',) to id=s element.</msg>
<msg time="2026-02-24T09:10:34.563883" level="INFO">Pressing special key ENTER to element.</msg>
<msg time="2026-02-24T09:10:34.563988" level="INFO">Releasing special key ENTER.</msg>
<arg>id=s</arg>
<arg>ENTER</arg>
<doc>Simulates the user pressing key(s) to an element or on the active browser.</doc>
<status status="PASS" start="2026-02-24T09:10:34.286795" elapsed="0.306803"/>
</kw>
<arg>${VALID_PRODUCT}</arg>
<arg>PASS</arg>
<status status="PASS" start="2026-02-24T09:10:34.117585" elapsed="0.476115"/>
</kw>
<status status="PASS" start="2026-02-24T09:10:31.353619" elapsed="3.240220"/>
</test>
<test id="s1-s3-t2" name="Search With Invalid Product" line="68">
<kw name="Go To Shop Page" type="SETUP">
<kw name="Go To" owner="SeleniumLibrary">
<msg time="2026-02-24T09:10:34.594930" level="INFO">Opening url 'https://practice.automationtesting.in/shop/'</msg>
<arg>https://practice.automationtesting.in/shop/</arg>
<doc>Navigates the current browser window to the provided ``url``.</doc>
<status status="PASS" start="2026-02-24T09:10:34.594803" elapsed="2.819172"/>
</kw>
<kw name="Wait Until Page Contains Element" owner="SeleniumLibrary">
<arg>id=content</arg>
<doc>Waits until the element ``locator`` appears on the current page.</doc>
<status status="PASS" start="2026-02-24T09:10:37.414178" elapsed="0.008334"/>
</kw>
<status status="PASS" start="2026-02-24T09:10:34.594498" elapsed="2.828143"/>
</kw>
<kw name="Search And Validate Products">
<kw name="Input Text" owner="SeleniumLibrary">
<msg time="2026-02-24T09:10:37.423764" level="INFO">Typing text 'XYZINVALID123' into text field 'id=s'.</msg>
<arg>id=s</arg>
<arg>${product}</arg>
<doc>Types the given ``text`` into the text field identified by ``locator``.</doc>
<status status="PASS" start="2026-02-24T09:10:37.423455" elapsed="0.075337"/>
</kw>
<kw name="Textfield Value Should Be" owner="SeleniumLibrary">
<msg time="2026-02-24T09:10:37.522527" level="INFO">Content of text field 'id=s' is 'XYZINVALID123'.</msg>
<arg>id=s</arg>
<arg>${product}</arg>
<doc>Verifies text field ``locator`` has exactly text ``expected``.</doc>
<status status="PASS" start="2026-02-24T09:10:37.499024" elapsed="0.023601"/>
</kw>
<kw name="Press Keys" owner="SeleniumLibrary">
<msg time="2026-02-24T09:10:37.523123" level="INFO">Sending key(s) ('ENTER',) to id=s element.</msg>
<msg time="2026-02-24T09:10:37.798571" level="INFO">Pressing special key ENTER to element.</msg>
<msg time="2026-02-24T09:10:37.798708" level="INFO">Releasing special key ENTER.</msg>
<arg>id=s</arg>
<arg>ENTER</arg>
<doc>Simulates the user pressing key(s) to an element or on the active browser.</doc>
<status status="PASS" start="2026-02-24T09:10:37.522808" elapsed="1.389215"/>
</kw>
<arg>${INVALID_PRODUCT}</arg>
<arg>NORESULT</arg>
<status status="PASS" start="2026-02-24T09:10:37.422957" elapsed="1.489192"/>
</kw>
<status status="PASS" start="2026-02-24T09:10:34.594035" elapsed="4.318279"/>
</test>
<test id="s1-s3-t3" name="Search With Empty Value" line="71">
<kw name="Go To Shop Page" type="SETUP">
<kw name="Go To" owner="SeleniumLibrary">
<msg time="2026-02-24T09:10:38.913092" level="INFO">Opening url 'https://practice.automationtesting.in/shop/'</msg>
<arg>https://practice.automationtesting.in/shop/</arg>
<doc>Navigates the current browser window to the provided ``url``.</doc>
<status status="PASS" start="2026-02-24T09:10:38.913010" elapsed="1.227494"/>
</kw>
<kw name="Wait Until Page Contains Element" owner="SeleniumLibrary">
<arg>id=content</arg>
<doc>Waits until the element ``locator`` appears on the current page.</doc>
<status status="PASS" start="2026-02-24T09:10:40.140734" elapsed="0.031880"/>
</kw>
<status status="PASS" start="2026-02-24T09:10:38.912806" elapsed="1.259951"/>
</kw>
<kw name="Search And Validate Products">
<kw name="Input Text" owner="SeleniumLibrary">
<msg time="2026-02-24T09:10:40.173575" level="INFO">Typing text '' into text field 'id=s'.</msg>
<arg>id=s</arg>
<arg>${product}</arg>
<doc>Types the given ``text`` into the text field identified by ``locator``.</doc>
<status status="PASS" start="2026-02-24T09:10:40.173382" elapsed="0.056016"/>
</kw>
<kw name="Textfield Value Should Be" owner="SeleniumLibrary">
<msg time="2026-02-24T09:10:40.274995" level="INFO">Content of text field 'id=s' is ''.</msg>
<arg>id=s</arg>
<arg>${product}</arg>
<doc>Verifies text field ``locator`` has exactly text ``expected``.</doc>
<status status="PASS" start="2026-02-24T09:10:40.229681" elapsed="0.045522"/>
</kw>
<kw name="Press Keys" owner="SeleniumLibrary">
<msg time="2026-02-24T09:10:40.275819" level="INFO">Sending key(s) ('ENTER',) to id=s element.</msg>
<msg time="2026-02-24T09:10:40.604237" level="INFO">Pressing special key ENTER to element.</msg>
<msg time="2026-02-24T09:10:40.604384" level="INFO">Releasing special key ENTER.</msg>
<arg>id=s</arg>
<arg>ENTER</arg>
<doc>Simulates the user pressing key(s) to an element or on the active browser.</doc>
<status status="PASS" start="2026-02-24T09:10:40.275465" elapsed="0.349584"/>
</kw>
<arg>${EMPTY}</arg>
<arg>ALL</arg>
<status status="PASS" start="2026-02-24T09:10:40.172997" elapsed="0.452175"/>
</kw>
<status status="PASS" start="2026-02-24T09:10:38.912523" elapsed="1.712848"/>
</test>
<kw name="Close Application" owner="common" type="TEARDOWN">
<kw name="Close All Browsers" owner="SeleniumLibrary">
<doc>Closes all open browsers and resets the browser cache.</doc>
<status status="PASS" start="2026-02-24T09:10:40.626048" elapsed="0.090865"/>
</kw>
<status status="PASS" start="2026-02-24T09:10:40.625825" elapsed="0.091253"/>
</kw>
<status status="PASS" start="2026-02-24T09:10:27.848444" elapsed="12.868698"/>
</suite>
<suite id="s1-s4" name="03 Sorting Filter Validation" source="/home/vamshi/bhanu/Wipro/Capstone_Project/robot-framework/tests/03_sorting_filter_validation.robot">
<kw name="Open Application" owner="common" type="SETUP">
<kw name="Open Browser" owner="SeleniumLibrary">
<msg time="2026-02-24T09:10:40.727941" level="INFO">Opening browser 'chrome' to base url 'https://practice.automationtesting.in/'.</msg>
<arg>${URL}</arg>
<arg>${browser}</arg>
<doc>Opens a new browser instance to the optional ``url``.</doc>
<status status="PASS" start="2026-02-24T09:10:40.727655" elapsed="3.525232"/>
</kw>
<kw name="Maximize Browser Window" owner="SeleniumLibrary">
<doc>Maximizes current browser window.</doc>
<status status="PASS" start="2026-02-24T09:10:44.253227" elapsed="0.034542"/>
</kw>
<kw name="Set Selenium Timeout" owner="SeleniumLibrary">
<arg>${TIMEOUT}</arg>
<doc>Sets the timeout that is used by various keywords.</doc>
<status status="PASS" start="2026-02-24T09:10:44.287979" elapsed="0.001029"/>
</kw>
<status status="PASS" start="2026-02-24T09:10:40.727262" elapsed="3.561846"/>
</kw>
<test id="s1-s4-t1" name="Default Sorting Validation" line="62">
<kw name="Go To Shop Page" type="SETUP">
<kw name="Go To" owner="SeleniumLibrary">
<msg time="2026-02-24T09:10:44.290072" level="INFO">Opening url 'https://practice.automationtesting.in/shop/'</msg>
<arg>https://practice.automationtesting.in/shop/</arg>
<doc>Navigates the current browser window to the provided ``url``.</doc>
<status status="PASS" start="2026-02-24T09:10:44.289944" elapsed="1.140762"/>
</kw>
<kw name="Wait Until Page Contains Element" owner="SeleniumLibrary">
<arg>id=content</arg>
<doc>Waits until the element ``locator`` appears on the current page.</doc>
<status status="PASS" start="2026-02-24T09:10:45.430993" elapsed="0.010524"/>
</kw>
<status status="PASS" start="2026-02-24T09:10:44.289673" elapsed="1.151984"/>
</kw>
<kw name="Select Default Sorting">
<kw name="Select From List By Label" owner="SeleniumLibrary">
<msg time="2026-02-24T09:10:45.442535" level="INFO">Selecting options from selection list 'css=select.orderby' by label Default sorting.</msg>
<arg>css=select.orderby</arg>
<arg>Default sorting</arg>
<doc>Selects options from selection list ``locator`` by ``labels``.</doc>
<status status="PASS" start="2026-02-24T09:10:45.442271" elapsed="0.067968"/>
</kw>
<kw name="Sleep" owner="BuiltIn">
<msg time="2026-02-24T09:10:47.510794" level="INFO">Slept 2 seconds.</msg>
<arg>2s</arg>
<doc>Pauses the test executed for the given time.</doc>
<status status="PASS" start="2026-02-24T09:10:45.510415" elapsed="2.000504"/>
</kw>
<kw name="List Selection Should Be" owner="SeleniumLibrary">
<msg time="2026-02-24T09:10:47.511365" level="INFO">Verifying list 'css=select.orderby' has option [ Default sorting ] selected.</msg>
<msg time="2026-02-24T09:10:47.616576" level="INFO">Current page contains list 'css=select.orderby'.</msg>
<arg>css=select.orderby</arg>
<arg>Default sorting</arg>
<doc>Verifies selection list ``locator`` has ``expected`` options selected.</doc>
<status status="PASS" start="2026-02-24T09:10:47.511100" elapsed="0.178564"/>
</kw>
<status status="PASS" start="2026-02-24T09:10:45.441993" elapsed="2.247775"/>
</kw>
<kw name="Validate Products Visible">
<kw name="Element Should Be Visible" owner="SeleniumLibrary">
<msg time="2026-02-24T09:10:47.714714" level="INFO">Element 'css=ul.products li' is displayed.</msg>
<arg>css=ul.products li</arg>
<doc>Verifies that the element identified by ``locator`` is visible.</doc>
<status status="PASS" start="2026-02-24T09:10:47.690309" elapsed="0.024565"/>
</kw>
<kw name="Get Element Count" owner="SeleniumLibrary">
<msg time="2026-02-24T09:10:47.723745" level="INFO">${count} = 8</msg>
<var>${count}</var>
<arg>css=ul.products li</arg>
<doc>Returns the number of elements matching ``locator``.</doc>
<status status="PASS" start="2026-02-24T09:10:47.715059" elapsed="0.008734"/>
</kw>
<kw name="Should Be True" owner="BuiltIn">
<arg>${count} &gt; 0</arg>
<doc>Fails if the given condition is not true.</doc>
<status status="PASS" start="2026-02-24T09:10:47.723962" elapsed="0.000346"/>
</kw>
<status status="PASS" start="2026-02-24T09:10:47.689987" elapsed="0.034388"/>
</kw>
<status status="PASS" start="2026-02-24T09:10:44.289198" elapsed="3.435321"/>
</test>
<test id="s1-s4-t2" name="Sort By Price Low To High Validation" line="67">
<kw name="Go To Shop Page" type="SETUP">
<kw name="Go To" owner="SeleniumLibrary">
<msg time="2026-02-24T09:10:47.725199" level="INFO">Opening url 'https://practice.automationtesting.in/shop/'</msg>
<arg>https://practice.automationtesting.in/shop/</arg>
<doc>Navigates the current browser window to the provided ``url``.</doc>
<status status="PASS" start="2026-02-24T09:10:47.725122" elapsed="1.487972"/>
</kw>
<kw name="Wait Until Page Contains Element" owner="SeleniumLibrary">
<arg>id=content</arg>
<doc>Waits until the element ``locator`` appears on the current page.</doc>
<status status="PASS" start="2026-02-24T09:10:49.213348" elapsed="0.009310"/>
</kw>
<status status="PASS" start="2026-02-24T09:10:47.724945" elapsed="1.497961"/>
</kw>
<kw name="Select Sort By Price Low To High">
<kw name="Select From List By Value" owner="SeleniumLibrary">
<msg time="2026-02-24T09:10:49.223894" level="INFO">Selecting options from selection list 'css=select.orderby' by value price.</msg>
<arg>css=select.orderby</arg>
<arg>price</arg>
<doc>Selects options from selection list ``locator`` by ``values``.</doc>
<status status="PASS" start="2026-02-24T09:10:49.223644" elapsed="1.120153"/>
</kw>
<kw name="Sleep" owner="BuiltIn">
<msg time="2026-02-24T09:10:52.344351" level="INFO">Slept 2 seconds.</msg>
<arg>2s</arg>
<doc>Pauses the test executed for the given time.</doc>
<status status="PASS" start="2026-02-24T09:10:50.343965" elapsed="2.000522"/>
</kw>
<kw name="List Selection Should Be" owner="SeleniumLibrary">
<msg time="2026-02-24T09:10:52.344919" level="INFO">Verifying list 'css=select.orderby' has option [ Sort by price: low to high ] selected.</msg>
<msg time="2026-02-24T09:10:52.444562" level="INFO">Current page contains list 'css=select.orderby'.</msg>
<arg>css=select.orderby</arg>
<arg>Sort by price: low to high</arg>
<doc>Verifies selection list ``locator`` has ``expected`` options selected.</doc>
<status status="PASS" start="2026-02-24T09:10:52.344679" elapsed="0.172742"/>
</kw>
<status status="PASS" start="2026-02-24T09:10:49.223269" elapsed="3.294258"/>
</kw>
<kw name="Validate Products Visible">
<kw name="Element Should Be Visible" owner="SeleniumLibrary">
<msg time="2026-02-24T09:10:52.529487" level="INFO">Element 'css=ul.products li' is displayed.</msg>
<arg>css=ul.products li</arg>
<doc>Verifies that the element identified by ``locator`` is visible.</doc>
<status status="PASS" start="2026-02-24T09:10:52.517927" elapsed="0.011668"/>
</kw>
<kw name="Get Element Count" owner="SeleniumLibrary">
<msg time="2026-02-24T09:10:52.535843" level="INFO">${count} = 8</msg>
<var>${count}</var>
<arg>css=ul.products li</arg>
<doc>Returns the number of elements matching ``locator``.</doc>
<status status="PASS" start="2026-02-24T09:10:52.529805" elapsed="0.006095"/>
</kw>
<kw name="Should Be True" owner="BuiltIn">
<arg>${count} &gt; 0</arg>
<doc>Fails if the given condition is not true.</doc>
<status status="PASS" start="2026-02-24T09:10:52.536040" elapsed="0.000385"/>
</kw>
<status status="PASS" start="2026-02-24T09:10:52.517718" elapsed="0.018786"/>
</kw>
<status status="PASS" start="2026-02-24T09:10:47.724699" elapsed="4.811961"/>
</test>
<test id="s1-s4-t3" name="Filter By Price Validation" line="72">
<kw name="Go To Shop Page" type="SETUP">
<kw name="Go To" owner="SeleniumLibrary">
<msg time="2026-02-24T09:10:52.537465" level="INFO">Opening url 'https://practice.automationtesting.in/shop/'</msg>
<arg>https://practice.automationtesting.in/shop/</arg>
<doc>Navigates the current browser window to the provided ``url``.</doc>
<status status="PASS" start="2026-02-24T09:10:52.537380" elapsed="2.143746"/>
</kw>
<kw name="Wait Until Page Contains Element" owner="SeleniumLibrary">
<arg>id=content</arg>
<doc>Waits until the element ``locator`` appears on the current page.</doc>
<status status="PASS" start="2026-02-24T09:10:54.681350" elapsed="0.006755"/>
</kw>
<status status="PASS" start="2026-02-24T09:10:52.537161" elapsed="2.151068"/>
</kw>
<kw name="Get Price Range Text">
<kw name="Get Text" owner="SeleniumLibrary">
<msg time="2026-02-24T09:10:54.706207" level="INFO">${text} = Price: ₹150 — ₹500</msg>
<var>${text}</var>
<arg>css=.price_label</arg>
<doc>Returns the text value of the element identified by ``locator``.</doc>
<status status="PASS" start="2026-02-24T09:10:54.688869" elapsed="0.017397"/>
</kw>
<kw name="Should Not Be Empty" owner="BuiltIn">
<msg time="2026-02-24T09:10:54.706930" level="INFO">Length is 18.</msg>
<arg>${text}</arg>
<doc>Verifies that the given item is not empty.</doc>
<status status="PASS" start="2026-02-24T09:10:54.706493" elapsed="0.000479"/>
</kw>
<return>
<value>${text}</value>
<status status="PASS" start="2026-02-24T09:10:54.707022" elapsed="0.000059"/>
</return>
<msg time="2026-02-24T09:10:54.707196" level="INFO">${before} = Price: ₹150 — ₹500</msg>
<var>${before}</var>
<status status="PASS" start="2026-02-24T09:10:54.688564" elapsed="0.018652"/>
</kw>
<kw name="Move Price Slider And Apply Filter">
<kw name="Execute Javascript" owner="SeleniumLibrary">
<msg time="2026-02-24T09:10:54.708051" level="INFO">Executing JavaScript:
document.querySelector('#min_price').value='150';
Without any arguments.</msg>
<arg>document.querySelector('#min_price').value='150';</arg>
<doc>Executes the given JavaScript code with possible arguments.</doc>
<status status="PASS" start="2026-02-24T09:10:54.707703" elapsed="0.005292"/>
</kw>
<kw name="Execute Javascript" owner="SeleniumLibrary">
<msg time="2026-02-24T09:10:54.713752" level="INFO">Executing JavaScript:
document.querySelector('#max_price').value='300';
Without any arguments.</msg>
<arg>document.querySelector('#max_price').value='300';</arg>
<doc>Executes the given JavaScript code with possible arguments.</doc>
<status status="PASS" start="2026-02-24T09:10:54.713222" elapsed="0.005581"/>
</kw>
<kw name="Execute Javascript" owner="SeleniumLibrary">
<msg time="2026-02-24T09:10:54.719461" level="INFO">Executing JavaScript:
jQuery('body').trigger('price_slider_change');
Without any arguments.</msg>
<arg>jQuery('body').trigger('price_slider_change');</arg>
<doc>Executes the given JavaScript code with possible arguments.</doc>
<status status="PASS" start="2026-02-24T09:10:54.719022" elapsed="0.005564"/>
</kw>
<kw name="Click Button" owner="SeleniumLibrary">
<msg time="2026-02-24T09:10:54.724921" level="INFO">Clicking button 'css=.price_slider_amount button'.</msg>
<arg>css=.price_slider_amount button</arg>
<doc>Clicks the button identified by ``locator``.</doc>
<status status="PASS" start="2026-02-24T09:10:54.724750" elapsed="0.951694"/>
</kw>
<kw name="Wait Until Page Contains Element" owner="SeleniumLibrary">
<arg>css=ul.products</arg>
<doc>Waits until the element ``locator`` appears on the current page.</doc>
<status status="PASS" start="2026-02-24T09:10:55.676613" elapsed="0.012555"/>
</kw>
<status status="PASS" start="2026-02-24T09:10:54.707448" elapsed="0.981862"/>
</kw>
<kw name="Get Price Range Text">
<kw name="Get Text" owner="SeleniumLibrary">
<msg time="2026-02-24T09:10:55.702444" level="INFO">${text} = Price: ₹150 — ₹300</msg>
<var>${text}</var>
<arg>css=.price_label</arg>
<doc>Returns the text value of the element identified by ``locator``.</doc>
<status status="PASS" start="2026-02-24T09:10:55.689931" elapsed="0.012556"/>
</kw>
<kw name="Should Not Be Empty" owner="BuiltIn">
<msg time="2026-02-24T09:10:55.702921" level="INFO">Length is 18.</msg>
<arg>${text}</arg>
<doc>Verifies that the given item is not empty.</doc>
<status status="PASS" start="2026-02-24T09:10:55.702630" elapsed="0.000331"/>
</kw>
<return>
<value>${text}</value>
<status status="PASS" start="2026-02-24T09:10:55.703019" elapsed="0.000051"/>
</return>
<msg time="2026-02-24T09:10:55.703195" level="INFO">${after} = Price: ₹150 — ₹300</msg>
<var>${after}</var>
<status status="PASS" start="2026-02-24T09:10:55.689624" elapsed="0.013592"/>
</kw>
<kw name="Should Not Be Equal" owner="BuiltIn">
<arg>${before}</arg>
<arg>${after}</arg>
<doc>Fails if the given objects are equal.</doc>
<status status="PASS" start="2026-02-24T09:10:55.703375" elapsed="0.000246"/>
</kw>
<kw name="Element Should Contain" owner="SeleniumLibrary">
<msg time="2026-02-24T09:10:55.715817" level="INFO">Element 'css=.price_label' contains text '₹'.</msg>
<arg>css=.price_label</arg>
<arg>₹</arg>
<doc>Verifies that element ``locator`` contains text ``expected``.</doc>
<status status="PASS" start="2026-02-24T09:10:55.703733" elapsed="0.012193"/>
</kw>
<kw name="Validate Products Visible">
<kw name="Element Should Be Visible" owner="SeleniumLibrary">
<msg time="2026-02-24T09:10:55.727614" level="INFO">Element 'css=ul.products li' is displayed.</msg>
<arg>css=ul.products li</arg>
<doc>Verifies that the element identified by ``locator`` is visible.</doc>
<status status="PASS" start="2026-02-24T09:10:55.716437" elapsed="0.011284"/>
</kw>
<kw name="Get Element Count" owner="SeleniumLibrary">
<msg time="2026-02-24T09:10:55.734174" level="INFO">${count} = 4</msg>
<var>${count}</var>
<arg>css=ul.products li</arg>
<doc>Returns the number of elements matching ``locator``.</doc>
<status status="PASS" start="2026-02-24T09:10:55.727868" elapsed="0.006349"/>
</kw>
<kw name="Should Be True" owner="BuiltIn">
<arg>${count} &gt; 0</arg>
<doc>Fails if the given condition is not true.</doc>
<status status="PASS" start="2026-02-24T09:10:55.734391" elapsed="0.000340"/>
</kw>
<status status="PASS" start="2026-02-24T09:10:55.716193" elapsed="0.018607"/>
</kw>
<status status="PASS" start="2026-02-24T09:10:52.536878" elapsed="3.198044"/>
</test>
<test id="s1-s4-t4" name="Price Change Filter Validation" line="86">
<kw name="Go To Shop Page" type="SETUP">
<kw name="Go To" owner="SeleniumLibrary">
<msg time="2026-02-24T09:10:55.735745" level="INFO">Opening url 'https://practice.automationtesting.in/shop/'</msg>
<arg>https://practice.automationtesting.in/shop/</arg>
<doc>Navigates the current browser window to the provided ``url``.</doc>
<status status="PASS" start="2026-02-24T09:10:55.735627" elapsed="2.139695"/>
</kw>
<kw name="Wait Until Page Contains Element" owner="SeleniumLibrary">
<arg>id=content</arg>
<doc>Waits until the element ``locator`` appears on the current page.</doc>
<status status="PASS" start="2026-02-24T09:10:57.875710" elapsed="0.009253"/>
</kw>
<status status="PASS" start="2026-02-24T09:10:55.735420" elapsed="2.149681"/>
</kw>
<kw name="Get Price Range Text">
<kw name="Get Text" owner="SeleniumLibrary">
<msg time="2026-02-24T09:10:57.900841" level="INFO">${text} = Price: ₹150 — ₹500</msg>
<var>${text}</var>
<arg>css=.price_label</arg>
<doc>Returns the text value of the element identified by ``locator``.</doc>
<status status="PASS" start="2026-02-24T09:10:57.885623" elapsed="0.015265"/>
</kw>
<kw name="Should Not Be Empty" owner="BuiltIn">
<msg time="2026-02-24T09:10:57.901516" level="INFO">Length is 18.</msg>
<arg>${text}</arg>
<doc>Verifies that the given item is not empty.</doc>
<status status="PASS" start="2026-02-24T09:10:57.901151" elapsed="0.000424"/>
</kw>
<return>
<value>${text}</value>
<status status="PASS" start="2026-02-24T09:10:57.901638" elapsed="0.000066"/>
</return>
<msg time="2026-02-24T09:10:57.901853" level="INFO">${initial} = Price: ₹150 — ₹500</msg>
<var>${initial}</var>
<status status="PASS" start="2026-02-24T09:10:57.885388" elapsed="0.016494"/>
</kw>
<kw name="Move Price Slider And Apply Filter">
<kw name="Execute Javascript" owner="SeleniumLibrary">
<msg time="2026-02-24T09:10:57.907633" level="INFO">Executing JavaScript:
document.querySelector('#min_price').value='150';
Without any arguments.</msg>
<arg>document.querySelector('#min_price').value='150';</arg>
<doc>Executes the given JavaScript code with possible arguments.</doc>
<status status="PASS" start="2026-02-24T09:10:57.902418" elapsed="0.011345"/>
</kw>
<kw name="Execute Javascript" owner="SeleniumLibrary">
<msg time="2026-02-24T09:10:57.914556" level="INFO">Executing JavaScript:
document.querySelector('#max_price').value='300';
Without any arguments.</msg>
<arg>document.querySelector('#max_price').value='300';</arg>
<doc>Executes the given JavaScript code with possible arguments.</doc>
<status status="PASS" start="2026-02-24T09:10:57.913968" elapsed="0.005902"/>
</kw>
<kw name="Execute Javascript" owner="SeleniumLibrary">
<msg time="2026-02-24T09:10:57.920475" level="INFO">Executing JavaScript:
jQuery('body').trigger('price_slider_change');
Without any arguments.</msg>
<arg>jQuery('body').trigger('price_slider_change');</arg>
<doc>Executes the given JavaScript code with possible arguments.</doc>
<status status="PASS" start="2026-02-24T09:10:57.920063" elapsed="0.003975"/>
</kw>
<kw name="Click Button" owner="SeleniumLibrary">
<msg time="2026-02-24T09:10:57.924616" level="INFO">Clicking button 'css=.price_slider_amount button'.</msg>
<arg>css=.price_slider_amount button</arg>
<doc>Clicks the button identified by ``locator``.</doc>
<status status="PASS" start="2026-02-24T09:10:57.924300" elapsed="1.064220"/>
</kw>
<kw name="Wait Until Page Contains Element" owner="SeleniumLibrary">
<arg>css=ul.products</arg>
<doc>Waits until the element ``locator`` appears on the current page.</doc>
<status status="PASS" start="2026-02-24T09:10:58.988738" elapsed="0.026677"/>
</kw>
<status status="PASS" start="2026-02-24T09:10:57.902088" elapsed="1.113442"/>
</kw>
<kw name="Get Price Range Text">
<kw name="Get Text" owner="SeleniumLibrary">
<msg time="2026-02-24T09:10:59.028962" level="INFO">${text} = Price: ₹150 — ₹300</msg>
<var>${text}</var>
<arg>css=.price_label</arg>
<doc>Returns the text value of the element identified by ``locator``.</doc>
<status status="PASS" start="2026-02-24T09:10:59.016079" elapsed="0.012938"/>
</kw>
<kw name="Should Not Be Empty" owner="BuiltIn">
<msg time="2026-02-24T09:10:59.029618" level="INFO">Length is 18.</msg>
<arg>${text}</arg>
<doc>Verifies that the given item is not empty.</doc>
<status status="PASS" start="2026-02-24T09:10:59.029196" elapsed="0.000478"/>
</kw>
<return>
<value>${text}</value>
<status status="PASS" start="2026-02-24T09:10:59.029721" elapsed="0.000042"/>
</return>
<msg time="2026-02-24T09:10:59.029909" level="INFO">${changed} = Price: ₹150 — ₹300</msg>
<var>${changed}</var>
<status status="PASS" start="2026-02-24T09:10:59.015742" elapsed="0.014199"/>
</kw>
<kw name="Log" owner="BuiltIn">
<msg time="2026-02-24T09:10:59.030274" level="INFO">Initial Price Range: Price: ₹150 — ₹500</msg>
<arg>Initial Price Range: ${initial}</arg>
<doc>Logs the given message with the given level.</doc>
<status status="PASS" start="2026-02-24T09:10:59.030075" elapsed="0.000246"/>
</kw>
<kw name="Log" owner="BuiltIn">
<msg time="2026-02-24T09:10:59.030601" level="INFO">Changed Price Range: Price: ₹150 — ₹300</msg>
<arg>Changed Price Range: ${changed}</arg>
<doc>Logs the given message with the given level.</doc>
<status status="PASS" start="2026-02-24T09:10:59.030424" elapsed="0.000220"/>
</kw>
<kw name="Should Not Be Equal" owner="BuiltIn">
<arg>${initial}</arg>
<arg>${changed}</arg>
<doc>Fails if the given objects are equal.</doc>
<status status="PASS" start="2026-02-24T09:10:59.030744" elapsed="0.000224"/>
</kw>
<kw name="Element Should Be Visible" owner="SeleniumLibrary">
<msg time="2026-02-24T09:10:59.042570" level="INFO">Element 'css=.price_label' is displayed.</msg>
<arg>css=.price_label</arg>
<doc>Verifies that the element identified by ``locator`` is visible.</doc>
<status status="PASS" start="2026-02-24T09:10:59.031055" elapsed="0.011615"/>
</kw>
<kw name="Validate Products Visible">
<kw name="Element Should Be Visible" owner="SeleniumLibrary">
<msg time="2026-02-24T09:10:59.053634" level="INFO">Element 'css=ul.products li' is displayed.</msg>
<arg>css=ul.products li</arg>
<doc>Verifies that the element identified by ``locator`` is visible.</doc>
<status status="PASS" start="2026-02-24T09:10:59.043128" elapsed="0.010612"/>
</kw>
<kw name="Get Element Count" owner="SeleniumLibrary">
<msg time="2026-02-24T09:10:59.060536" level="INFO">${count} = 4</msg>
<var>${count}</var>
<arg>css=ul.products li</arg>
<doc>Returns the number of elements matching ``locator``.</doc>
<status status="PASS" start="2026-02-24T09:10:59.053880" elapsed="0.006709"/>
</kw>
<kw name="Should Be True" owner="BuiltIn">
<arg>${count} &gt; 0</arg>
<doc>Fails if the given condition is not true.</doc>
<status status="PASS" start="2026-02-24T09:10:59.060750" elapsed="0.000335"/>
</kw>
<status status="PASS" start="2026-02-24T09:10:59.042901" elapsed="0.018256"/>
</kw>
<status status="PASS" start="2026-02-24T09:10:55.735113" elapsed="3.326271"/>
</test>
<kw name="Close Browser" owner="SeleniumLibrary" type="TEARDOWN">
<doc>Closes the current browser.</doc>
<status status="PASS" start="2026-02-24T09:10:59.061703" elapsed="0.095314"/>
</kw>
<status status="PASS" start="2026-02-24T09:10:40.717889" elapsed="18.439246"/>
</suite>
<suite id="s1-s5" name="04 Cart Validation" source="/home/vamshi/bhanu/Wipro/Capstone_Project/robot-framework/tests/04_cart_validation.robot">
<kw name="Open Application" owner="common" type="SETUP">
<kw name="Open Browser" owner="SeleniumLibrary">
<msg time="2026-02-24T09:10:59.160710" level="INFO">Opening browser 'chrome' to base url 'https://practice.automationtesting.in/'.</msg>
<arg>${URL}</arg>
<arg>${browser}</arg>
<doc>Opens a new browser instance to the optional ``url``.</doc>
<status status="PASS" start="2026-02-24T09:10:59.160435" elapsed="3.534107"/>
</kw>
<kw name="Maximize Browser Window" owner="SeleniumLibrary">
<doc>Maximizes current browser window.</doc>
<status status="PASS" start="2026-02-24T09:11:02.694819" elapsed="0.023857"/>
</kw>
<kw name="Set Selenium Timeout" owner="SeleniumLibrary">
<arg>${TIMEOUT}</arg>
<doc>Sets the timeout that is used by various keywords.</doc>
<status status="PASS" start="2026-02-24T09:11:02.718882" elapsed="0.001478"/>
</kw>
<status status="PASS" start="2026-02-24T09:10:59.160042" elapsed="3.560467"/>
</kw>
<test id="s1-s5-t1" name="Add Multiple Products In Cart" line="69">
<kw name="Go To Shop Page" type="SETUP">
<kw name="Go To" owner="SeleniumLibrary">
<msg time="2026-02-24T09:11:02.721507" level="INFO">Opening url 'https://practice.automationtesting.in/shop/'</msg>
<arg>https://practice.automationtesting.in/shop/</arg>
<doc>Navigates the current browser window to the provided ``url``.</doc>
<status status="PASS" start="2026-02-24T09:11:02.721394" elapsed="2.031645"/>
</kw>
<kw name="Wait Until Page Contains Element" owner="SeleniumLibrary">
<arg>id=content</arg>
<doc>Waits until the element ``locator`` appears on the current page.</doc>
<status status="PASS" start="2026-02-24T09:11:04.753330" elapsed="0.014711"/>
</kw>
<status status="PASS" start="2026-02-24T09:11:02.721094" elapsed="2.047110"/>
</kw>
<kw name="Add First Product By URL">
<kw name="Go To" owner="SeleniumLibrary">
<msg time="2026-02-24T09:11:04.769257" level="INFO">Opening url 'https://practice.automationtesting.in/shop/?add-to-cart=169'</msg>
<arg>https://practice.automationtesting.in/shop/?add-to-cart=169</arg>
<doc>Navigates the current browser window to the provided ``url``.</doc>
<status status="PASS" start="2026-02-24T09:11:04.769033" elapsed="1.093145"/>
</kw>
<kw name="Wait Until Page Contains Element" owner="SeleniumLibrary">
<arg>xpath=//a[contains(text(),'View Basket')]</arg>
<doc>Waits until the element ``locator`` appears on the current page.</doc>
<status status="PASS" start="2026-02-24T09:11:05.862395" elapsed="0.036942"/>
</kw>
<kw name="Page Should Contain" owner="SeleniumLibrary">
<msg time="2026-02-24T09:11:05.911439" level="INFO">Current page contains text 'View Basket'.</msg>
<arg>View Basket</arg>
<doc>Verifies that current page contains ``text``.</doc>
<status status="PASS" start="2026-02-24T09:11:05.899513" elapsed="0.012071"/>
</kw>
<status status="PASS" start="2026-02-24T09:11:04.768705" elapsed="1.142998"/>
</kw>
<kw name="Add Second Product By URL">
<kw name="Go To" owner="SeleniumLibrary">
<msg time="2026-02-24T09:11:05.912272" level="INFO">Opening url 'https://practice.automationtesting.in/shop/?add-to-cart=181'</msg>
<arg>https://practice.automationtesting.in/shop/?add-to-cart=181</arg>
<doc>Navigates the current browser window to the provided ``url``.</doc>
<status status="PASS" start="2026-02-24T09:11:05.912179" elapsed="1.453425"/>
</kw>
<kw name="Wait Until Page Contains Element" owner="SeleniumLibrary">
<arg>xpath=//a[contains(text(),'View Basket')]</arg>
<doc>Waits until the element ``locator`` appears on the current page.</doc>
<status status="PASS" start="2026-02-24T09:11:07.365832" elapsed="0.006953"/>
</kw>
<kw name="Page Should Contain" owner="SeleniumLibrary">
<msg time="2026-02-24T09:11:07.383036" level="INFO">Current page contains text 'View Basket'.</msg>
<arg>View Basket</arg>
<doc>Verifies that current page contains ``text``.</doc>
<status status="PASS" start="2026-02-24T09:11:07.372982" elapsed="0.010223"/>
</kw>
<status status="PASS" start="2026-02-24T09:11:05.911950" elapsed="1.471398"/>
</kw>
<kw name="Open Cart">
<kw name="Click Element" owner="SeleniumLibrary">
<msg time="2026-02-24T09:11:07.384515" level="INFO">Clicking element 'xpath=//a[contains(text(),'View Basket')]'.</msg>
<arg>xpath=//a[contains(text(),'View Basket')]</arg>
<doc>Click the element identified by ``locator``.</doc>
<status status="PASS" start="2026-02-24T09:11:07.384029" elapsed="1.027377"/>
</kw>
<kw name="Wait Until Page Contains Element" owner="SeleniumLibrary">
<arg>css=table.shop_table</arg>
<doc>Waits until the element ``locator`` appears on the current page.</doc>
<status status="PASS" start="2026-02-24T09:11:08.411619" elapsed="0.026616"/>
</kw>
<kw name="Element Should Be Visible" owner="SeleniumLibrary">
<msg time="2026-02-24T09:11:08.452758" level="INFO">Element 'css=table.shop_table' is displayed.</msg>
<arg>css=table.shop_table</arg>
<doc>Verifies that the element identified by ``locator`` is visible.</doc>
<status status="PASS" start="2026-02-24T09:11:08.438528" elapsed="0.014324"/>
</kw>
<status status="PASS" start="2026-02-24T09:11:07.383636" elapsed="1.069299"/>
</kw>
<kw name="Get Element Count" owner="SeleniumLibrary">
<msg time="2026-02-24T09:11:08.462128" level="INFO">${count} = 6</msg>
<var>${count}</var>
<arg>css=table.shop_table tbody tr</arg>
<doc>Returns the number of elements matching ``locator``.</doc>
<status status="PASS" start="2026-02-24T09:11:08.453084" elapsed="0.009093"/>
</kw>
<kw name="Should Be True" owner="BuiltIn">
<arg>${count} &gt;= 2</arg>
<doc>Fails if the given condition is not true.</doc>
<status status="PASS" start="2026-02-24T09:11:08.462450" elapsed="0.000503"/>
</kw>
<kw name="Element Should Be Visible" owner="SeleniumLibrary">
<msg time="2026-02-24T09:11:08.477836" level="INFO">Element 'css=.cart_totals' is displayed.</msg>
<arg>css=.cart_totals</arg>
<doc>Verifies that the element identified by ``locator`` is visible.</doc>
<status status="PASS" start="2026-02-24T09:11:08.463107" elapsed="0.014847"/>
</kw>
<status status="PASS" start="2026-02-24T09:11:02.720606" elapsed="5.757517"/>
</test>
<test id="s1-s5-t2" name="Remove One Product From Cart" line="83">
<kw name="Go To Shop Page" type="SETUP">
<kw name="Go To" owner="SeleniumLibrary">
<msg time="2026-02-24T09:11:08.478866" level="INFO">Opening url 'https://practice.automationtesting.in/shop/'</msg>
<arg>https://practice.automationtesting.in/shop/</arg>
<doc>Navigates the current browser window to the provided ``url``.</doc>
<status status="PASS" start="2026-02-24T09:11:08.478784" elapsed="1.334724"/>
</kw>
<kw name="Wait Until Page Contains Element" owner="SeleniumLibrary">
<arg>id=content</arg>
<doc>Waits until the element ``locator`` appears on the current page.</doc>
<status status="PASS" start="2026-02-24T09:11:09.813892" elapsed="0.011148"/>
</kw>
<status status="PASS" start="2026-02-24T09:11:08.478597" elapsed="1.346639"/>
</kw>
<kw name="Add First Product By URL">
<kw name="Go To" owner="SeleniumLibrary">
<msg time="2026-02-24T09:11:09.826270" level="INFO">Opening url 'https://practice.automationtesting.in/shop/?add-to-cart=169'</msg>
<arg>https://practice.automationtesting.in/shop/?add-to-cart=169</arg>
<doc>Navigates the current browser window to the provided ``url``.</doc>
<status status="PASS" start="2026-02-24T09:11:09.826093" elapsed="2.062423"/>
</kw>
<kw name="Wait Until Page Contains Element" owner="SeleniumLibrary">
<arg>xpath=//a[contains(text(),'View Basket')]</arg>
<doc>Waits until the element ``locator`` appears on the current page.</doc>
<status status="PASS" start="2026-02-24T09:11:11.888691" elapsed="0.012045"/>
</kw>
<kw name="Page Should Contain" owner="SeleniumLibrary">
<msg time="2026-02-24T09:11:11.910706" level="INFO">Current page contains text 'View Basket'.</msg>
<arg>View Basket</arg>
<doc>Verifies that current page contains ``text``.</doc>
<status status="PASS" start="2026-02-24T09:11:11.900981" elapsed="0.009874"/>
</kw>
<status status="PASS" start="2026-02-24T09:11:09.825698" elapsed="2.085296"/>
</kw>
<kw name="Add Second Product By URL">
<kw name="Go To" owner="SeleniumLibrary">
<msg time="2026-02-24T09:11:11.911730" level="INFO">Opening url 'https://practice.automationtesting.in/shop/?add-to-cart=181'</msg>
<arg>https://practice.automationtesting.in/shop/?add-to-cart=181</arg>
<doc>Navigates the current browser window to the provided ``url``.</doc>
<status status="PASS" start="2026-02-24T09:11:11.911600" elapsed="2.530289"/>
</kw>
<kw name="Wait Until Page Contains Element" owner="SeleniumLibrary">
<arg>xpath=//a[contains(text(),'View Basket')]</arg>
<doc>Waits until the element ``locator`` appears on the current page.</doc>
<status status="PASS" start="2026-02-24T09:11:14.442084" elapsed="0.007960"/>
</kw>
<kw name="Page Should Contain" owner="SeleniumLibrary">
<msg time="2026-02-24T09:11:14.462489" level="INFO">Current page contains text 'View Basket'.</msg>
<arg>View Basket</arg>
<doc>Verifies that current page contains ``text``.</doc>
<status status="PASS" start="2026-02-24T09:11:14.450242" elapsed="0.012362"/>
</kw>
<status status="PASS" start="2026-02-24T09:11:11.911259" elapsed="2.551444"/>
</kw>
<kw name="Open Cart">
<kw name="Click Element" owner="SeleniumLibrary">
<msg time="2026-02-24T09:11:14.463365" level="INFO">Clicking element 'xpath=//a[contains(text(),'View Basket')]'.</msg>
<arg>xpath=//a[contains(text(),'View Basket')]</arg>
<doc>Click the element identified by ``locator``.</doc>
<status status="PASS" start="2026-02-24T09:11:14.463166" elapsed="0.849742"/>
</kw>
<kw name="Wait Until Page Contains Element" owner="SeleniumLibrary">
<arg>css=table.shop_table</arg>
<doc>Waits until the element ``locator`` appears on the current page.</doc>
<status status="PASS" start="2026-02-24T09:11:15.313158" elapsed="0.027780"/>
</kw>
<kw name="Element Should Be Visible" owner="SeleniumLibrary">
<msg time="2026-02-24T09:11:15.353357" level="INFO">Element 'css=table.shop_table' is displayed.</msg>
<arg>css=table.shop_table</arg>
<doc>Verifies that the element identified by ``locator`` is visible.</doc>
<status status="PASS" start="2026-02-24T09:11:15.341310" elapsed="0.012138"/>
</kw>
<status status="PASS" start="2026-02-24T09:11:14.462927" elapsed="0.890669"/>
</kw>
<kw name="Get Element Count" owner="SeleniumLibrary">
<msg time="2026-02-24T09:11:15.360918" level="INFO">${before} = 6</msg>
<var>${before}</var>
<arg>css=table.shop_table tbody tr</arg>
<doc>Returns the number of elements matching ``locator``.</doc>
<status status="PASS" start="2026-02-24T09:11:15.353768" elapsed="0.007192"/>
</kw>
<kw name="Remove One Product">
<kw name="Scroll Element Into View" owner="SeleniumLibrary">
<arg>css=a.remove</arg>
<doc>Scrolls the element identified by ``locator`` into view.</doc>
<status status="PASS" start="2026-02-24T09:11:15.361466" elapsed="0.271113"/>
</kw>
<kw name="Click Element" owner="SeleniumLibrary">
<msg time="2026-02-24T09:11:15.633104" level="INFO">Clicking element 'css=a.remove'.</msg>
<arg>css=a.remove</arg>
<doc>Click the element identified by ``locator``.</doc>
<status status="PASS" start="2026-02-24T09:11:15.632817" elapsed="0.085609"/>
</kw>
<kw name="Wait Until Element Is Visible" owner="SeleniumLibrary">
<arg>css=.woocommerce-message</arg>
<doc>Waits until the element ``locator`` is visible.</doc>
<status status="PASS" start="2026-02-24T09:11:15.718652" elapsed="0.655574"/>
</kw>
<kw name="Element Should Contain" owner="SeleniumLibrary">
<msg time="2026-02-24T09:11:16.390464" level="INFO">Element 'css=.woocommerce-message' contains text 'removed'.</msg>
<arg>css=.woocommerce-message</arg>
<arg>removed</arg>
<doc>Verifies that element ``locator`` contains text ``expected``.</doc>
<status status="PASS" start="2026-02-24T09:11:16.374430" elapsed="0.016130"/>
</kw>
<status status="PASS" start="2026-02-24T09:11:15.361212" elapsed="1.029431"/>
</kw>
<kw name="Get Element Count" owner="SeleniumLibrary">
<msg time="2026-02-24T09:11:16.396669" level="INFO">${after} = 5</msg>
<var>${after}</var>
<arg>css=table.shop_table tbody tr</arg>
<doc>Returns the number of elements matching ``locator``.</doc>
<status status="PASS" start="2026-02-24T09:11:16.390792" elapsed="0.005926"/>
</kw>
<kw name="Should Be True" owner="BuiltIn">
<arg>${after} &lt; ${before}</arg>
<doc>Fails if the given condition is not true.</doc>
<status status="PASS" start="2026-02-24T09:11:16.396933" elapsed="0.000561"/>
</kw>
<kw name="Element Should Be Visible" owner="SeleniumLibrary">
<msg time="2026-02-24T09:11:16.409499" level="INFO">Element 'css=table.shop_table' is displayed.</msg>
<arg>css=table.shop_table</arg>
<doc>Verifies that the element identified by ``locator`` is visible.</doc>
<status status="PASS" start="2026-02-24T09:11:16.397660" elapsed="0.011961"/>
</kw>
<status status="PASS" start="2026-02-24T09:11:08.478305" elapsed="7.931512"/>
</test>
<test id="s1-s5-t3" name="Proceed To Checkout Product" line="101">
<kw name="Go To Shop Page" type="SETUP">
<kw name="Go To" owner="SeleniumLibrary">
<msg time="2026-02-24T09:11:16.413485" level="INFO">Opening url 'https://practice.automationtesting.in/shop/'</msg>
<arg>https://practice.automationtesting.in/shop/</arg>
<doc>Navigates the current browser window to the provided ``url``.</doc>
<status status="PASS" start="2026-02-24T09:11:16.413361" elapsed="1.107035"/>
</kw>
<kw name="Wait Until Page Contains Element" owner="SeleniumLibrary">
<arg>id=content</arg>
<doc>Waits until the element ``locator`` appears on the current page.</doc>
<status status="PASS" start="2026-02-24T09:11:17.520564" elapsed="0.030282"/>
</kw>
<status status="PASS" start="2026-02-24T09:11:16.410314" elapsed="1.140646"/>
</kw>
<kw name="Add First Product By URL">
<kw name="Go To" owner="SeleniumLibrary">
<msg time="2026-02-24T09:11:17.551529" level="INFO">Opening url 'https://practice.automationtesting.in/shop/?add-to-cart=169'</msg>
<arg>https://practice.automationtesting.in/shop/?add-to-cart=169</arg>
<doc>Navigates the current browser window to the provided ``url``.</doc>
<status status="PASS" start="2026-02-24T09:11:17.551425" elapsed="1.402284"/>
</kw>
<kw name="Wait Until Page Contains Element" owner="SeleniumLibrary">
<arg>xpath=//a[contains(text(),'View Basket')]</arg>
<doc>Waits until the element ``locator`` appears on the current page.</doc>
<status status="PASS" start="2026-02-24T09:11:18.953873" elapsed="0.029697"/>
</kw>
<kw name="Page Should Contain" owner="SeleniumLibrary">
<msg time="2026-02-24T09:11:18.991846" level="INFO">Current page contains text 'View Basket'.</msg>
<arg>View Basket</arg>
<doc>Verifies that current page contains ``text``.</doc>
<status status="PASS" start="2026-02-24T09:11:18.983754" elapsed="0.008185"/>
</kw>
<status status="PASS" start="2026-02-24T09:11:17.551173" elapsed="1.440852"/>
</kw>
<kw name="Open Cart">
<kw name="Click Element" owner="SeleniumLibrary">
<msg time="2026-02-24T09:11:18.992692" level="INFO">Clicking element 'xpath=//a[contains(text(),'View Basket')]'.</msg>
<arg>xpath=//a[contains(text(),'View Basket')]</arg>
<doc>Click the element identified by ``locator``.</doc>
<status status="PASS" start="2026-02-24T09:11:18.992530" elapsed="1.207106"/>
</kw>
<kw name="Wait Until Page Contains Element" owner="SeleniumLibrary">
<arg>css=table.shop_table</arg>
<doc>Waits until the element ``locator`` appears on the current page.</doc>
<status status="PASS" start="2026-02-24T09:11:20.199873" elapsed="0.007785"/>
</kw>
<kw name="Element Should Be Visible" owner="SeleniumLibrary">
<msg time="2026-02-24T09:11:20.218885" level="INFO">Element 'css=table.shop_table' is displayed.</msg>
<arg>css=table.shop_table</arg>
<doc>Verifies that the element identified by ``locator`` is visible.</doc>
<status status="PASS" start="2026-02-24T09:11:20.207835" elapsed="0.011146"/>
</kw>
<status status="PASS" start="2026-02-24T09:11:18.992240" elapsed="1.226838"/>
</kw>
<kw name="Proceed To Checkout">
<kw name="Go To" owner="SeleniumLibrary">
<msg time="2026-02-24T09:11:20.219593" level="INFO">Opening url 'https://practice.automationtesting.in/checkout/'</msg>
<arg>https://practice.automationtesting.in/checkout/</arg>
[...]
<status status="FAIL" start="2026-02-24T09:13:24.731131" elapsed="0.401925">Page should have contained text 'Logout' but did not.</status>
</kw>
<msg time="2026-02-24T09:13:25.133199" level="INFO">${logout} = False</msg>
<var>${logout}</var>
<arg>Page Should Contain</arg>
<arg>Logout</arg>
<doc>Runs the specified keyword and returns the status as a Boolean value.</doc>
<status status="PASS" start="2026-02-24T09:13:24.730834" elapsed="0.402390"/>
</kw>
<kw name="Run Keyword And Return Status" owner="BuiltIn">
<kw name="Page Should Contain" owner="SeleniumLibrary">
<msg time="2026-02-24T09:13:25.142832" level="INFO">Current page contains text 'already registered'.</msg>
<arg>already registered</arg>
<doc>Verifies that current page contains ``text``.</doc>
<status status="PASS" start="2026-02-24T09:13:25.133673" elapsed="0.009260"/>
</kw>
<msg time="2026-02-24T09:13:25.143067" level="INFO">${exists} = True</msg>
<var>${exists}</var>
<arg>Page Should Contain</arg>
<arg>already registered</arg>
<doc>Runs the specified keyword and returns the status as a Boolean value.</doc>
<status status="PASS" start="2026-02-24T09:13:25.133378" elapsed="0.009711"/>
</kw>
<if>
<branch type="IF" condition="${logout}">
<kw name="Log" owner="BuiltIn">
<arg>New user registered</arg>
<doc>Logs the given message with the given level.</doc>
<status status="NOT RUN" start="2026-02-24T09:13:25.143368" elapsed="0.000028"/>
</kw>
<kw name="Logout User" owner="login_keywords">
<status status="NOT RUN" start="2026-02-24T09:13:25.143540" elapsed="0.000033"/>
</kw>
<kw name="Wait Until Element Is Visible" owner="SeleniumLibrary">
<arg>id=username</arg>
<doc>Waits until the element ``locator`` is visible.</doc>
<status status="NOT RUN" start="2026-02-24T09:13:25.143646" elapsed="0.000020"/>
</kw>
<status status="NOT RUN" start="2026-02-24T09:13:25.143177" elapsed="0.000517"/>
</branch>
<branch type="ELSE IF" condition="${exists}">
<kw name="Fail" owner="BuiltIn">
<msg time="2026-02-24T09:13:25.144096" level="FAIL">User already registered — registration must be new</msg>
<arg>User already registered — registration must be new</arg>
<doc>Fails the test with the given message and optionally alters its tags.</doc>
<status status="FAIL" start="2026-02-24T09:13:25.143839" elapsed="0.000319">User already registered — registration must be new</status>
</kw>
<status status="FAIL" start="2026-02-24T09:13:25.143723" elapsed="0.000498">User already registered — registration must be new</status>
</branch>
<branch type="ELSE">
<kw name="Fail" owner="BuiltIn">
<arg>Registration result not detected</arg>
<doc>Fails the test with the given message and optionally alters its tags.</doc>
<status status="NOT RUN" start="2026-02-24T09:13:25.144367" elapsed="0.000021"/>
</kw>
<status status="NOT RUN" start="2026-02-24T09:13:25.144266" elapsed="0.000167"/>
</branch>
<status status="FAIL" start="2026-02-24T09:13:25.143152" elapsed="0.001309">User already registered — registration must be new</status>
</if>
<status status="FAIL" start="2026-02-24T09:13:24.730489" elapsed="0.414054">User already registered — registration must be new</status>
</kw>
<kw name="Check Registration Result">
<kw name="Run Keyword And Return Status" owner="BuiltIn">
<kw name="Page Should Contain" owner="SeleniumLibrary">
<msg time="2026-02-24T09:13:27.502300" level="INFO" html="true">&lt;/td&gt;&lt;/tr&gt;&lt;tr&gt;&lt;td colspan="3"&gt;&lt;a href="selenium-screenshot-148.png"&gt;&lt;img src="selenium-screenshot-148.png" width="800px"&gt;&lt;/a&gt;</msg>
<msg time="2026-02-24T09:13:27.502512" level="FAIL">Page should have contained text 'Logout' but did not.</msg>
<arg>Logout</arg>
<doc>Verifies that current page contains ``text``.</doc>
<status status="FAIL" start="2026-02-24T09:13:27.145885" elapsed="0.357790">Page should have contained text 'Logout' but did not.</status>
</kw>
<msg time="2026-02-24T09:13:27.503934" level="INFO">${logout} = False</msg>
<var>${logout}</var>
<arg>Page Should Contain</arg>
<arg>Logout</arg>
<doc>Runs the specified keyword and returns the status as a Boolean value.</doc>
<status status="PASS" start="2026-02-24T09:13:27.145514" elapsed="0.358461"/>
</kw>
<kw name="Run Keyword And Return Status" owner="BuiltIn">
<kw name="Page Should Contain" owner="SeleniumLibrary">
<msg time="2026-02-24T09:13:27.513835" level="INFO">Current page contains text 'already registered'.</msg>
<arg>already registered</arg>
<doc>Verifies that current page contains ``text``.</doc>
<status status="PASS" start="2026-02-24T09:13:27.504596" elapsed="0.009349"/>
</kw>
<msg time="2026-02-24T09:13:27.514083" level="INFO">${exists} = True</msg>
<var>${exists}</var>
<arg>Page Should Contain</arg>
<arg>already registered</arg>
<doc>Runs the specified keyword and returns the status as a Boolean value.</doc>
<status status="PASS" start="2026-02-24T09:13:27.504200" elapsed="0.009905"/>
</kw>
<if>
<branch type="IF" condition="${logout}">
<kw name="Log" owner="BuiltIn">
<arg>New user registered</arg>
<doc>Logs the given message with the given level.</doc>
<status status="NOT RUN" start="2026-02-24T09:13:27.514369" elapsed="0.000047"/>
</kw>
<kw name="Logout User" owner="login_keywords">
<status status="NOT RUN" start="2026-02-24T09:13:27.514525" elapsed="0.000031"/>
</kw>
<kw name="Wait Until Element Is Visible" owner="SeleniumLibrary">
<arg>id=username</arg>
<doc>Waits until the element ``locator`` is visible.</doc>
<status status="NOT RUN" start="2026-02-24T09:13:27.514619" elapsed="0.000018"/>
</kw>
<status status="NOT RUN" start="2026-02-24T09:13:27.514195" elapsed="0.000466"/>
</branch>
<branch type="ELSE IF" condition="${exists}">
<kw name="Fail" owner="BuiltIn">
<msg time="2026-02-24T09:13:27.514999" level="FAIL">User already registered — registration must be new</msg>
<arg>User already registered — registration must be new</arg>
<doc>Fails the test with the given message and optionally alters its tags.</doc>
<status status="FAIL" start="2026-02-24T09:13:27.514767" elapsed="0.000299">User already registered — registration must be new</status>
</kw>
<status status="FAIL" start="2026-02-24T09:13:27.514688" elapsed="0.000429">User already registered — registration must be new</status>
</branch>
<branch type="ELSE">
<kw name="Fail" owner="BuiltIn">
<arg>Registration result not detected</arg>
<doc>Fails the test with the given message and optionally alters its tags.</doc>
<status status="NOT RUN" start="2026-02-24T09:13:27.515235" elapsed="0.000019"/>
</kw>
<status status="NOT RUN" start="2026-02-24T09:13:27.515154" elapsed="0.000134"/>
</branch>
<status status="FAIL" start="2026-02-24T09:13:27.514168" elapsed="0.001144">User already registered — registration must be new</status>
</if>
<status status="FAIL" start="2026-02-24T09:13:27.145038" elapsed="0.370352">User already registered — registration must be new</status>
</kw>
<kw name="Check Registration Result">
<kw name="Run Keyword And Return Status" owner="BuiltIn">
<kw name="Page Should Contain" owner="SeleniumLibrary">
<msg time="2026-02-24T09:13:29.901820" level="INFO" html="true">&lt;/td&gt;&lt;/tr&gt;&lt;tr&gt;&lt;td colspan="3"&gt;&lt;a href="selenium-screenshot-149.png"&gt;&lt;img src="selenium-screenshot-149.png" width="800px"&gt;&lt;/a&gt;</msg>
<msg time="2026-02-24T09:13:29.902007" level="FAIL">Page should have contained text 'Logout' but did not.</msg>
<arg>Logout</arg>
<doc>Verifies that current page contains ``text``.</doc>
<status status="FAIL" start="2026-02-24T09:13:29.516741" elapsed="0.386320">Page should have contained text 'Logout' but did not.</status>
</kw>
<msg time="2026-02-24T09:13:29.903192" level="INFO">${logout} = False</msg>
<var>${logout}</var>
<arg>Page Should Contain</arg>
<arg>Logout</arg>
<doc>Runs the specified keyword and returns the status as a Boolean value.</doc>
<status status="PASS" start="2026-02-24T09:13:29.516297" elapsed="0.386932"/>
</kw>
<kw name="Run Keyword And Return Status" owner="BuiltIn">
<kw name="Page Should Contain" owner="SeleniumLibrary">
<msg time="2026-02-24T09:13:29.913488" level="INFO">Current page contains text 'already registered'.</msg>
<arg>already registered</arg>
<doc>Verifies that current page contains ``text``.</doc>
<status status="PASS" start="2026-02-24T09:13:29.903635" elapsed="0.009971"/>
</kw>
<msg time="2026-02-24T09:13:29.913758" level="INFO">${exists} = True</msg>
<var>${exists}</var>
<arg>Page Should Contain</arg>
<arg>already registered</arg>
<doc>Runs the specified keyword and returns the status as a Boolean value.</doc>
<status status="PASS" start="2026-02-24T09:13:29.903374" elapsed="0.010410"/>
</kw>
<if>
<branch type="IF" condition="${logout}">
<kw name="Log" owner="BuiltIn">
<arg>New user registered</arg>
<doc>Logs the given message with the given level.</doc>
<status status="NOT RUN" start="2026-02-24T09:13:29.914093" elapsed="0.000025"/>
</kw>
<kw name="Logout User" owner="login_keywords">
<status status="NOT RUN" start="2026-02-24T09:13:29.914237" elapsed="0.000027"/>
</kw>
<kw name="Wait Until Element Is Visible" owner="SeleniumLibrary">
<arg>id=username</arg>
<doc>Waits until the element ``locator`` is visible.</doc>
<status status="NOT RUN" start="2026-02-24T09:13:29.914353" elapsed="0.000026"/>
</kw>
<status status="NOT RUN" start="2026-02-24T09:13:29.913889" elapsed="0.000515"/>
</branch>
<branch type="ELSE IF" condition="${exists}">
<kw name="Fail" owner="BuiltIn">
<msg time="2026-02-24T09:13:29.914818" level="FAIL">User already registered — registration must be new</msg>
<arg>User already registered — registration must be new</arg>
<doc>Fails the test with the given message and optionally alters its tags.</doc>
<status status="FAIL" start="2026-02-24T09:13:29.914566" elapsed="0.000308">User already registered — registration must be new</status>
</kw>
<status status="FAIL" start="2026-02-24T09:13:29.914439" elapsed="0.000499">User already registered — registration must be new</status>
</branch>
<branch type="ELSE">
<kw name="Fail" owner="BuiltIn">
<arg>Registration result not detected</arg>
<doc>Fails the test with the given message and optionally alters its tags.</doc>
<status status="NOT RUN" start="2026-02-24T09:13:29.915049" elapsed="0.000019"/>
</kw>
<status status="NOT RUN" start="2026-02-24T09:13:29.914982" elapsed="0.000113"/>
</branch>
<status status="FAIL" start="2026-02-24T09:13:29.913861" elapsed="0.001255">User already registered — registration must be new</status>
</if>
<status status="FAIL" start="2026-02-24T09:13:29.515918" elapsed="0.399293">User already registered — registration must be new</status>
</kw>
<kw name="Check Registration Result">
<kw name="Run Keyword And Return Status" owner="BuiltIn">
<kw name="Page Should Contain" owner="SeleniumLibrary">
<msg time="2026-02-24T09:13:32.380635" level="INFO" html="true">&lt;/td&gt;&lt;/tr&gt;&lt;tr&gt;&lt;td colspan="3"&gt;&lt;a href="selenium-screenshot-150.png"&gt;&lt;img src="selenium-screenshot-150.png" width="800px"&gt;&lt;/a&gt;</msg>
<msg time="2026-02-24T09:13:32.380801" level="FAIL">Page should have contained text 'Logout' but did not.</msg>
<arg>Logout</arg>
<doc>Verifies that current page contains ``text``.</doc>
<status status="FAIL" start="2026-02-24T09:13:31.916426" elapsed="0.464910">Page should have contained text 'Logout' but did not.</status>
</kw>
<msg time="2026-02-24T09:13:32.381494" level="INFO">${logout} = False</msg>
<var>${logout}</var>
<arg>Page Should Contain</arg>
<arg>Logout</arg>
<doc>Runs the specified keyword and returns the status as a Boolean value.</doc>
<status status="PASS" start="2026-02-24T09:13:31.916074" elapsed="0.465448"/>
</kw>
<kw name="Run Keyword And Return Status" owner="BuiltIn">
<kw name="Page Should Contain" owner="SeleniumLibrary">
<msg time="2026-02-24T09:13:32.390648" level="INFO">Current page contains text 'already registered'.</msg>
<arg>already registered</arg>
<doc>Verifies that current page contains ``text``.</doc>
<status status="PASS" start="2026-02-24T09:13:32.382013" elapsed="0.008763"/>
</kw>
<msg time="2026-02-24T09:13:32.390911" level="INFO">${exists} = True</msg>
<var>${exists}</var>
<arg>Page Should Contain</arg>
<arg>already registered</arg>
<doc>Runs the specified keyword and returns the status as a Boolean value.</doc>
<status status="PASS" start="2026-02-24T09:13:32.381738" elapsed="0.009194"/>
</kw>
<if>
<branch type="IF" condition="${logout}">
<kw name="Log" owner="BuiltIn">
<arg>New user registered</arg>
<doc>Logs the given message with the given level.</doc>
<status status="NOT RUN" start="2026-02-24T09:13:32.391169" elapsed="0.000025"/>
</kw>
<kw name="Logout User" owner="login_keywords">
<status status="NOT RUN" start="2026-02-24T09:13:32.391326" elapsed="0.000034"/>
</kw>
<kw name="Wait Until Element Is Visible" owner="SeleniumLibrary">
<arg>id=username</arg>
<doc>Waits until the element ``locator`` is visible.</doc>
<status status="NOT RUN" start="2026-02-24T09:13:32.391432" elapsed="0.000019"/>
</kw>
<status status="NOT RUN" start="2026-02-24T09:13:32.391015" elapsed="0.000471"/>
</branch>
<branch type="ELSE IF" condition="${exists}">
<kw name="Fail" owner="BuiltIn">
<msg time="2026-02-24T09:13:32.391869" level="FAIL">User already registered — registration must be new</msg>
<arg>User already registered — registration must be new</arg>
<doc>Fails the test with the given message and optionally alters its tags.</doc>
<status status="FAIL" start="2026-02-24T09:13:32.391629" elapsed="0.000297">User already registered — registration must be new</status>
</kw>
<status status="FAIL" start="2026-02-24T09:13:32.391520" elapsed="0.000459">User already registered — registration must be new</status>
</branch>
<branch type="ELSE">
<kw name="Fail" owner="BuiltIn">
<arg>Registration result not detected</arg>
<doc>Fails the test with the given message and optionally alters its tags.</doc>
<status status="NOT RUN" start="2026-02-24T09:13:32.392071" elapsed="0.000019"/>
</kw>
<status status="NOT RUN" start="2026-02-24T09:13:32.392009" elapsed="0.000107"/>
</branch>
<status status="FAIL" start="2026-02-24T09:13:32.390990" elapsed="0.001147">User already registered — registration must be new</status>
</if>
<status status="FAIL" start="2026-02-24T09:13:31.915643" elapsed="0.476556">User already registered — registration must be new</status>
</kw>
<msg time="2026-02-24T09:13:32.392286" level="FAIL">Keyword 'Check Registration Result' failed after retrying for 15 seconds. The last error was: User already registered — registration must be new</msg>
<arg>15s</arg>
<arg>2s</arg>
<arg>Check Registration Result</arg>
<doc>Runs the specified keyword and retries if it fails.</doc>
<status status="FAIL" start="2026-02-24T09:13:14.995259" elapsed="17.397114">Keyword 'Check Registration Result' failed after retrying for 15 seconds. The last error was: User already registered — registration must be new</status>
</kw>
<arg>${EMAIL}</arg>
<arg>${PASSWORD}</arg>
<status status="FAIL" start="2026-02-24T09:13:09.870885" elapsed="22.521555">Keyword 'Check Registration Result' failed after retrying for 15 seconds. The last error was: User already registered — registration must be new</status>
</kw>
<kw name="Login Validation">
<arg>${EMAIL}</arg>
<arg>${PASSWORD}</arg>
<status status="NOT RUN" start="2026-02-24T09:13:32.392574" elapsed="0.000039"/>
</kw>
<kw name="Search Validation">
<status status="NOT RUN" start="2026-02-24T09:13:32.392728" elapsed="0.000018"/>
</kw>
<kw name="Sorting Validation">
<status status="NOT RUN" start="2026-02-24T09:13:32.392846" elapsed="0.000025"/>
</kw>
<kw name="Cart Validation">
<status status="NOT RUN" start="2026-02-24T09:13:32.392976" elapsed="0.000018"/>
</kw>
<kw name="Billing Validation">
<arg>${EMAIL}</arg>
<arg>${FIRSTNAME}</arg>
<arg>${LASTNAME}</arg>
<arg>${PHONE}</arg>
<arg>${CITY}</arg>
<arg>${POSTCODE}</arg>
<status status="NOT RUN" start="2026-02-24T09:13:32.393122" elapsed="0.000019"/>
</kw>
<kw name="Logout Validation">
<status status="NOT RUN" start="2026-02-24T09:13:32.393220" elapsed="0.000019"/>
</kw>
<arg>EMAIL=testuser1@test.com</arg>
<arg>PASSWORD=Omkar@2003</arg>
<arg>FIRSTNAME=Ravi</arg>
<arg>LASTNAME=Kumar</arg>
<arg>PHONE=9876543222</arg>
<arg>CITY=Chennai</arg>
<arg>POSTCODE=600001</arg>
<status status="FAIL" start="2026-02-24T09:13:09.870493" elapsed="22.522810">Keyword 'Check Registration Result' failed after retrying for 15 seconds. The last error was: User already registered — registration must be new</status>
</kw>
<kw name="End User Session" type="TEARDOWN">
<kw name="Run Keyword If Test Failed" owner="BuiltIn">
<kw name="Capture Failed Screenshot" owner="common">
<kw name="Replace String" owner="String">
<msg time="2026-02-24T09:13:32.394317" level="INFO">${clean} = User2</msg>
<var>${clean}</var>
<arg>${TEST NAME}</arg>
<arg>${SPACE}</arg>
<arg>_</arg>
<doc>Replaces ``search_for`` in the given ``string`` with ``replace_with``.</doc>
<status status="PASS" start="2026-02-24T09:13:32.394152" elapsed="0.000197"/>
</kw>
<kw name="Set Variable" owner="BuiltIn">
<msg time="2026-02-24T09:13:32.394640" level="INFO">${file} = FAILED_User2.png</msg>
<var>${file}</var>
<arg>FAILED_${clean}.png</arg>
<doc>Returns the given values which can then be assigned to a variables.</doc>
<status status="PASS" start="2026-02-24T09:13:32.394430" elapsed="0.000251"/>
</kw>
<kw name="Capture Page Screenshot" owner="SeleniumLibrary">
<msg time="2026-02-24T09:13:32.604646" level="INFO" html="true">&lt;/td&gt;&lt;/tr&gt;&lt;tr&gt;&lt;td colspan="3"&gt;&lt;a href="FAILED_User2.png"&gt;&lt;img src="FAILED_User2.png" width="800px"&gt;&lt;/a&gt;</msg>
<arg>${file}</arg>
<doc>Takes a screenshot of the current page and embeds it into a log file.</doc>
<status status="PASS" start="2026-02-24T09:13:32.394754" elapsed="0.210040"/>
</kw>
<status status="PASS" start="2026-02-24T09:13:32.394002" elapsed="0.210932"/>
</kw>
<arg>Capture Failed Screenshot</arg>
<doc>Runs the given keyword with the given arguments, if the test failed.</doc>
<status status="PASS" start="2026-02-24T09:13:32.393771" elapsed="0.211253"/>
</kw>
<kw name="Close Application" owner="common">
<kw name="Close All Browsers" owner="SeleniumLibrary">
<doc>Closes all open browsers and resets the browser cache.</doc>
<status status="PASS" start="2026-02-24T09:13:32.605503" elapsed="0.090953"/>
</kw>
<status status="PASS" start="2026-02-24T09:13:32.605194" elapsed="0.091402"/>
</kw>
<status status="PASS" start="2026-02-24T09:13:32.393572" elapsed="0.303138"/>
</kw>
<status status="FAIL" start="2026-02-24T09:13:06.032251" elapsed="26.664587">Keyword 'Check Registration Result' failed after retrying for 15 seconds. The last error was: User already registered — registration must be new</status>
</test>
<status status="FAIL" start="2026-02-24T09:12:43.327657" elapsed="49.369634"/>
</suite>
<status status="FAIL" start="2026-02-24T09:09:38.989068" elapsed="233.708798"/>
</suite>
<statistics>
<total>
<stat pass="18" fail="2" skip="0">All Tests</stat>
</total>
<tag>
</tag>
<suite>
<stat name="Tests" id="s1" pass="18" fail="2" skip="0">Tests</stat>
<stat name="00 User Registration" id="s1-s1" pass="1" fail="0" skip="0">Tests.00 User Registration</stat>
<stat name="01 Login Validation" id="s1-s2" pass="3" fail="0" skip="0">Tests.01 Login Validation</stat>
<stat name="02 Search Validation" id="s1-s3" pass="3" fail="0" skip="0">Tests.02 Search Validation</stat>
<stat name="03 Sorting Filter Validation" id="s1-s4" pass="4" fail="0" skip="0">Tests.03 Sorting Filter Validation</stat>
<stat name="04 Cart Validation" id="s1-s5" pass="3" fail="0" skip="0">Tests.04 Cart Validation</stat>
<stat name="05 Billing Validation" id="s1-s6" pass="3" fail="0" skip="0">Tests.05 Billing Validation</stat>
<stat name="06 Logout Validation" id="s1-s7" pass="1" fail="0" skip="0">Tests.06 Logout Validation</stat>
<stat name="End To End" id="s1-s8" pass="0" fail="2" skip="0">Tests.End To End</stat>
</suite>
</statistics>
<errors>
</errors>
</robot>
