<?xml version="1.0" encoding="UTF-8"?>
<robot generator="Robot 7.4.1 (Python 3.13.7 on linux)" generated="2026-02-02T11:14:06.248540" rpa="false" schemaversion="5">
<suite id="s1" name="Source" source="/home/vamshi/bhanu/Wipro/day14/TCOO1_Loops&amp;Conditions/Source.robot">
<test id="s1-t1" name="For loop example" line="6">
<for flavor="IN">
<iter>
<kw name="Log To Console" owner="BuiltIn">
<arg>${name}</arg>
<doc>Logs the given message to the console.</doc>
<status status="PASS" start="2026-02-02T11:14:06.294335" elapsed="0.000582"/>
</kw>
<var name="${name}">Ravi</var>
<status status="PASS" start="2026-02-02T11:14:06.293642" elapsed="0.001431"/>
</iter>
<iter>
<kw name="Log To Console" owner="BuiltIn">
<arg>${name}</arg>
<doc>Logs the given message to the console.</doc>
<status status="PASS" start="2026-02-02T11:14:06.295439" elapsed="0.000440"/>
</kw>
<var name="${name}">Ram</var>
<status status="PASS" start="2026-02-02T11:14:06.295268" elapsed="0.000674"/>
</iter>
<iter>
<kw name="Log To Console" owner="BuiltIn">
<arg>${name}</arg>
<doc>Logs the given message to the console.</doc>
<status status="PASS" start="2026-02-02T11:14:06.296190" elapsed="0.000361"/>
</kw>
<var name="${name}">Teja</var>
<status status="PASS" start="2026-02-02T11:14:06.296071" elapsed="0.000541"/>
</iter>
<var>${name}</var>
<value>Ravi</value>
<value>Ram</value>
<value>Teja</value>
<status status="PASS" start="2026-02-02T11:14:06.293383" elapsed="0.003298"/>
</for>
<status status="PASS" start="2026-02-02T11:14:06.292956" elapsed="0.003948"/>
</test>
<test id="s1-t2" name="For loop with list" line="11">
<kw name="Create List" owner="BuiltIn">
<msg time="2026-02-02T11:14:06.298184" level="INFO">@{fruits} = [ Apple | Mango ]</msg>
<var>@{fruits}</var>
<arg>Apple</arg>
<arg>Mango</arg>
<doc>Returns a list containing given items.</doc>
<status status="PASS" start="2026-02-02T11:14:06.297533" elapsed="0.000719"/>
</kw>
<for flavor="IN">
<iter>
<kw name="Log To Console" owner="BuiltIn">
<arg>${fruit}</arg>
<doc>Logs the given message to the console.</doc>
<status status="PASS" start="2026-02-02T11:14:06.298784" elapsed="0.000452"/>
</kw>
<var name="${fruit}">Apple</var>
<status status="PASS" start="2026-02-02T11:14:06.298628" elapsed="0.000679"/>
</iter>
<iter>
<kw name="Log To Console" owner="BuiltIn">
<arg>${fruit}</arg>
<doc>Logs the given message to the console.</doc>
<status status="PASS" start="2026-02-02T11:14:06.299646" elapsed="0.000443"/>
</kw>
<var name="${fruit}">Mango</var>
<status status="PASS" start="2026-02-02T11:14:06.299498" elapsed="0.000696"/>
</iter>
<var>${fruit}</var>
<value>@{fruits}</value>
<status status="PASS" start="2026-02-02T11:14:06.298422" elapsed="0.001824"/>
</for>
<status status="PASS" start="2026-02-02T11:14:06.297193" elapsed="0.003256"/>
</test>
<test id="s1-t3" name="For loop with range" line="17">
<for flavor="IN RANGE">
<iter>
<kw name="Log To Console" owner="BuiltIn">
<arg>${i}</arg>
<doc>Logs the given message to the console.</doc>
<status status="PASS" start="2026-02-02T11:14:06.301424" elapsed="0.000392"/>
</kw>
<var name="${i}">1</var>
<status status="PASS" start="2026-02-02T11:14:06.301326" elapsed="0.000539"/>
</iter>
<iter>
<kw name="Log To Console" owner="BuiltIn">
<arg>${i}</arg>
<doc>Logs the given message to the console.</doc>
<status status="PASS" start="2026-02-02T11:14:06.302105" elapsed="0.000346"/>
</kw>
<var name="${i}">2</var>
<status status="PASS" start="2026-02-02T11:14:06.301979" elapsed="0.000522"/>
</iter>
<iter>
<kw name="Log To Console" owner="BuiltIn">
<arg>${i}</arg>
<doc>Logs the given message to the console.</doc>
<status status="PASS" start="2026-02-02T11:14:06.302731" elapsed="0.000620"/>
</kw>
<var name="${i}">3</var>
<status status="PASS" start="2026-02-02T11:14:06.302605" elapsed="0.000803"/>
</iter>
<iter>
<kw name="Log To Console" owner="BuiltIn">
<arg>${i}</arg>
<doc>Logs the given message to the console.</doc>
<status status="PASS" start="2026-02-02T11:14:06.303654" elapsed="0.000405"/>
</kw>
<var name="${i}">4</var>
<status status="PASS" start="2026-02-02T11:14:06.303530" elapsed="0.000597"/>
</iter>
<iter>
<kw name="Log To Console" owner="BuiltIn">
<arg>${i}</arg>
<doc>Logs the given message to the console.</doc>
<status status="PASS" start="2026-02-02T11:14:06.304352" elapsed="0.000351"/>
</kw>
<var name="${i}">5</var>
<status status="PASS" start="2026-02-02T11:14:06.304263" elapsed="0.000509"/>
</iter>
<var>${i}</var>
<value>1</value>
<value>6</value>
<status status="PASS" start="2026-02-02T11:14:06.301070" elapsed="0.003746"/>
</for>
<status status="PASS" start="2026-02-02T11:14:06.300720" elapsed="0.004265"/>
</test>
<test id="s1-t4" name="FOR Loop Enumerate" line="22">
<for flavor="IN ENUMERATE">
<iter>
<kw name="Log" owner="BuiltIn">
<msg time="2026-02-02T11:14:06.306361" level="INFO">0 = a</msg>
<arg>${index} = ${value}</arg>
<doc>Logs the given message with the given level.</doc>
<status status="PASS" start="2026-02-02T11:14:06.305882" elapsed="0.000556"/>
</kw>
<var name="${index}">0</var>
<var name="${value}">a</var>
<status status="PASS" start="2026-02-02T11:14:06.305773" elapsed="0.000710"/>
</iter>
<iter>
<kw name="Log" owner="BuiltIn">
<msg time="2026-02-02T11:14:06.307175" level="INFO">1 = b</msg>
<arg>${index} = ${value}</arg>
<doc>Logs the given message with the given level.</doc>
<status status="PASS" start="2026-02-02T11:14:06.306723" elapsed="0.000593"/>
</kw>
<var name="${index}">1</var>
<var name="${value}">b</var>
<status status="PASS" start="2026-02-02T11:14:06.306611" elapsed="0.000753"/>
</iter>
<iter>
<kw name="Log" owner="BuiltIn">
<msg time="2026-02-02T11:14:06.308003" level="INFO">2 = c</msg>
<arg>${index} = ${value}</arg>
<doc>Logs the given message with the given level.</doc>
<status status="PASS" start="2026-02-02T11:14:06.307616" elapsed="0.000439"/>
</kw>
<var name="${index}">2</var>
<var name="${value}">c</var>
<status status="PASS" start="2026-02-02T11:14:06.307504" elapsed="0.000589"/>
</iter>
<var>${index}</var>
<var>${value}</var>
<value>a</value>
<value>b</value>
<value>c</value>
<status status="PASS" start="2026-02-02T11:14:06.305550" elapsed="0.002582"/>
</for>
<status status="PASS" start="2026-02-02T11:14:06.305233" elapsed="0.003050"/>
</test>
<test id="s1-t5" name="While loop example" line="27">
<kw name="Set Variable" owner="BuiltIn">
<msg time="2026-02-02T11:14:06.309353" level="INFO">${count} = 1</msg>
<var>${count}</var>
<arg>1</arg>
<doc>Returns the given values which can then be assigned to a variables.</doc>
<status status="PASS" start="2026-02-02T11:14:06.308937" elapsed="0.000465"/>
</kw>
<while condition="${count} &lt;= 5">
<iter>
<kw name="Log To Console" owner="BuiltIn">
<arg>${count}</arg>
<doc>Logs the given message to the console.</doc>
<status status="PASS" start="2026-02-02T11:14:06.309941" elapsed="0.000339"/>
</kw>
<kw name="Evaluate" owner="BuiltIn">
<msg time="2026-02-02T11:14:06.310898" level="INFO">${count} = 2</msg>
<var>${count}</var>
<arg>${count} + 1</arg>
<doc>Evaluates the given expression in Python and returns the result.</doc>
<status status="PASS" start="2026-02-02T11:14:06.310407" elapsed="0.000533"/>
</kw>
<status status="PASS" start="2026-02-02T11:14:06.309528" elapsed="0.001458"/>
</iter>
<iter>
<kw name="Log To Console" owner="BuiltIn">
<arg>${count}</arg>
<doc>Logs the given message to the console.</doc>
<status status="PASS" start="2026-02-02T11:14:06.311273" elapsed="0.000431"/>
</kw>
<kw name="Evaluate" owner="BuiltIn">
<msg time="2026-02-02T11:14:06.312425" level="INFO">${count} = 3</msg>
<var>${count}</var>
<arg>${count} + 1</arg>
<doc>Evaluates the given expression in Python and returns the result.</doc>
<status status="PASS" start="2026-02-02T11:14:06.311881" elapsed="0.000578"/>
</kw>
<status status="PASS" start="2026-02-02T11:14:06.311020" elapsed="0.001483"/>
</iter>
<iter>
<kw name="Log To Console" owner="BuiltIn">
<arg>${count}</arg>
<doc>Logs the given message to the console.</doc>
<status status="PASS" start="2026-02-02T11:14:06.312865" elapsed="0.000379"/>
</kw>
<kw name="Evaluate" owner="BuiltIn">
<msg time="2026-02-02T11:14:06.314059" level="INFO">${count} = 4</msg>
<var>${count}</var>
<arg>${count} + 1</arg>
<doc>Evaluates the given expression in Python and returns the result.</doc>
<status status="PASS" start="2026-02-02T11:14:06.313384" elapsed="0.000722"/>
</kw>
<status status="PASS" start="2026-02-02T11:14:06.312534" elapsed="0.001822"/>
</iter>
<iter>
<kw name="Log To Console" owner="BuiltIn">
<arg>${count}</arg>
<doc>Logs the given message to the console.</doc>
<status status="PASS" start="2026-02-02T11:14:06.314691" elapsed="0.000373"/>
</kw>
<kw name="Evaluate" owner="BuiltIn">
<msg time="2026-02-02T11:14:06.315706" level="INFO">${count} = 5</msg>
<var>${count}</var>
<arg>${count} + 1</arg>
<doc>Evaluates the given expression in Python and returns the result.</doc>
<status status="PASS" start="2026-02-02T11:14:06.315201" elapsed="0.000584"/>
</kw>
<status status="PASS" start="2026-02-02T11:14:06.314404" elapsed="0.001437"/>
</iter>
<iter>
<kw name="Log To Console" owner="BuiltIn">
<arg>${count}</arg>
<doc>Logs the given message to the console.</doc>
<status status="PASS" start="2026-02-02T11:14:06.316071" elapsed="0.000367"/>
</kw>
<kw name="Evaluate" owner="BuiltIn">
<msg time="2026-02-02T11:14:06.316979" level="INFO">${count} = 6</msg>
<var>${count}</var>
<arg>${count} + 1</arg>
<doc>Evaluates the given expression in Python and returns the result.</doc>
<status status="PASS" start="2026-02-02T11:14:06.316555" elapsed="0.000463"/>
</kw>
<status status="PASS" start="2026-02-02T11:14:06.315870" elapsed="0.001206"/>
</iter>
<status status="PASS" start="2026-02-02T11:14:06.309524" elapsed="0.007723"/>
</while>
<status status="PASS" start="2026-02-02T11:14:06.308488" elapsed="0.008965"/>
</test>
<test id="s1-t6" name="If condition example" line="34">
<kw name="Set Variable" owner="BuiltIn">
<msg time="2026-02-02T11:14:06.318390" level="INFO">${temperature} = 90</msg>
<var>${temperature}</var>
<arg>90</arg>
<doc>Returns the given values which can then be assigned to a variables.</doc>
<status status="PASS" start="2026-02-02T11:14:06.318045" elapsed="0.000405"/>
</kw>
<if>
<branch type="IF" condition="${temperature} &gt; 95">
<kw name="Log To Console" owner="BuiltIn">
<arg>Heat</arg>
<doc>Logs the given message to the console.</doc>
<status status="NOT RUN" start="2026-02-02T11:14:06.318957" elapsed="0.000028"/>
</kw>
<status status="NOT RUN" start="2026-02-02T11:14:06.318672" elapsed="0.000358"/>
</branch>
<status status="PASS" start="2026-02-02T11:14:06.318612" elapsed="0.000460"/>
</if>
<status status="PASS" start="2026-02-02T11:14:06.317727" elapsed="0.001545"/>
</test>
<test id="s1-t7" name="If - Else example" line="40">
<kw name="Set Variable" owner="BuiltIn">
<msg time="2026-02-02T11:14:06.320179" level="INFO">${age} = 19</msg>
<var>${age}</var>
<arg>19</arg>
<doc>Returns the given values which can then be assigned to a variables.</doc>
<status status="PASS" start="2026-02-02T11:14:06.319852" elapsed="0.000362"/>
</kw>
<if>
<branch type="IF" condition="${age} &gt; 18">
<kw name="Log To Console" owner="BuiltIn">
<arg>Major</arg>
<doc>Logs the given message to the console.</doc>
<status status="PASS" start="2026-02-02T11:14:06.320608" elapsed="0.000377"/>
</kw>
<status status="PASS" start="2026-02-02T11:14:06.320379" elapsed="0.000684"/>
</branch>
<branch type="ELSE">
<kw name="Log To Console" owner="BuiltIn">
<arg>Minor</arg>
<doc>Logs the given message to the console.</doc>
<status status="NOT RUN" start="2026-02-02T11:14:06.321230" elapsed="0.000026"/>
</kw>
<status status="NOT RUN" start="2026-02-02T11:14:06.321100" elapsed="0.000214"/>
</branch>
<status status="PASS" start="2026-02-02T11:14:06.320350" elapsed="0.000989"/>
</if>
<status status="PASS" start="2026-02-02T11:14:06.319495" elapsed="0.001983"/>
</test>
<test id="s1-t8" name="If - Else If - Else Example" line="48">
<kw name="Set Variable" owner="BuiltIn">
<msg time="2026-02-02T11:14:06.322433" level="INFO">${wheels} = 2</msg>
<var>${wheels}</var>
<arg>2</arg>
<doc>Returns the given values which can then be assigned to a variables.</doc>
<status status="PASS" start="2026-02-02T11:14:06.322076" elapsed="0.000454"/>
</kw>
<if>
<branch type="IF" condition="${wheels} == 2">
<kw name="Log To Console" owner="BuiltIn">
<arg>Bike/Cycle</arg>
<doc>Logs the given message to the console.</doc>
<status status="PASS" start="2026-02-02T11:14:06.322951" elapsed="0.000300"/>
</kw>
<status status="PASS" start="2026-02-02T11:14:06.322748" elapsed="0.000551"/>
</branch>
<branch type="ELSE IF" condition="${wheels} == 3">
<kw name="Log To Console" owner="BuiltIn">
<arg>Auto</arg>
<doc>Logs the given message to the console.</doc>
<status status="NOT RUN" start="2026-02-02T11:14:06.323429" elapsed="0.000043"/>
</kw>
<status status="NOT RUN" start="2026-02-02T11:14:06.323330" elapsed="0.000177"/>
</branch>
<branch type="ELSE">
<kw name="Log To Console" owner="BuiltIn">
<arg>Car</arg>
<doc>Logs the given message to the console.</doc>
<status status="NOT RUN" start="2026-02-02T11:14:06.323618" elapsed="0.000022"/>
</kw>
<status status="NOT RUN" start="2026-02-02T11:14:06.323534" elapsed="0.000158"/>
</branch>
<status status="PASS" start="2026-02-02T11:14:06.322698" elapsed="0.001044"/>
</if>
<status status="PASS" start="2026-02-02T11:14:06.321730" elapsed="0.002156"/>
</test>
<test id="s1-t9" name="Inline-if Example" line="58">
<kw name="Set Variable" owner="BuiltIn">
<msg time="2026-02-02T11:14:06.325133" level="INFO">${Signal} = Green</msg>
<var>${Signal}</var>
<arg>Green</arg>
<doc>Returns the given values which can then be assigned to a variables.</doc>
<status status="PASS" start="2026-02-02T11:14:06.324536" elapsed="0.000656"/>
</kw>
<if>
<branch type="IF" condition="'${Signal}' == 'Green'">
<kw name="Log To Console" owner="BuiltIn">
<arg>GO</arg>
<doc>Logs the given message to the console.</doc>
<status status="PASS" start="2026-02-02T11:14:06.325567" elapsed="0.000372"/>
</kw>
<status status="PASS" start="2026-02-02T11:14:06.325342" elapsed="0.000647"/>
</branch>
<status status="PASS" start="2026-02-02T11:14:06.325316" elapsed="0.000714"/>
</if>
<status status="PASS" start="2026-02-02T11:14:06.324120" elapsed="0.002143"/>
</test>
<test id="s1-t10" name="BREAK Example" line="62">
<for flavor="IN RANGE">
<iter>
<if>
<branch type="IF" condition="${i} == 5">
<break>
<status status="NOT RUN" start="2026-02-02T11:14:06.327840" elapsed="0.000030"/>
</break>
<status status="NOT RUN" start="2026-02-02T11:14:06.327640" elapsed="0.000278"/>
</branch>
<status status="PASS" start="2026-02-02T11:14:06.327611" elapsed="0.000349"/>
</if>
<kw name="Log" owner="BuiltIn">
<msg time="2026-02-02T11:14:06.328731" level="INFO">1</msg>
<arg>${i}</arg>
<doc>Logs the given message with the given level.</doc>
<status status="PASS" start="2026-02-02T11:14:06.328124" elapsed="0.000699"/>
</kw>
<var name="${i}">1</var>
<status status="PASS" start="2026-02-02T11:14:06.327551" elapsed="0.001342"/>
</iter>
<iter>
<if>
<branch type="IF" condition="${i} == 5">
<break>
<status status="NOT RUN" start="2026-02-02T11:14:06.329330" elapsed="0.000048"/>
</break>
<status status="NOT RUN" start="2026-02-02T11:14:06.329147" elapsed="0.000301"/>
</branch>
<status status="PASS" start="2026-02-02T11:14:06.329129" elapsed="0.000378"/>
</if>
<kw name="Log" owner="BuiltIn">
<msg time="2026-02-02T11:14:06.330195" level="INFO">2</msg>
<arg>${i}</arg>
<doc>Logs the given message with the given level.</doc>
<status status="PASS" start="2026-02-02T11:14:06.329714" elapsed="0.000549"/>
</kw>
<var name="${i}">2</var>
<status status="PASS" start="2026-02-02T11:14:06.329085" elapsed="0.001224"/>
</iter>
<iter>
<if>
<branch type="IF" condition="${i} == 5">
<break>
<status status="NOT RUN" start="2026-02-02T11:14:06.330758" elapsed="0.000020"/>
</break>
<status status="NOT RUN" start="2026-02-02T11:14:06.330568" elapsed="0.000243"/>
</branch>
<status status="PASS" start="2026-02-02T11:14:06.330540" elapsed="0.000300"/>
</if>
<kw name="Log" owner="BuiltIn">
<msg time="2026-02-02T11:14:06.331335" level="INFO">3</msg>
<arg>${i}</arg>
<doc>Logs the given message with the given level.</doc>
<status status="PASS" start="2026-02-02T11:14:06.330979" elapsed="0.000467"/>
</kw>
<var name="${i}">3</var>
<status status="PASS" start="2026-02-02T11:14:06.330501" elapsed="0.001010"/>
</iter>
<iter>
<if>
<branch type="IF" condition="${i} == 5">
<break>
<status status="NOT RUN" start="2026-02-02T11:14:06.332078" elapsed="0.000019"/>
</break>
<status status="NOT RUN" start="2026-02-02T11:14:06.331907" elapsed="0.000223"/>
</branch>
<status status="PASS" start="2026-02-02T11:14:06.331889" elapsed="0.000264"/>
</if>
<kw name="Log" owner="BuiltIn">
<msg time="2026-02-02T11:14:06.332627" level="INFO">4</msg>
<arg>${i}</arg>
<doc>Logs the given message with the given level.</doc>
<status status="PASS" start="2026-02-02T11:14:06.332265" elapsed="0.000458"/>
</kw>
<var name="${i}">4</var>
<status status="PASS" start="2026-02-02T11:14:06.331825" elapsed="0.000942"/>
</iter>
<iter>
<if>
<branch type="IF" condition="${i} == 5">
<break>
<status status="PASS" start="2026-02-02T11:14:06.333379" elapsed="0.000055"/>
</break>
<status status="PASS" start="2026-02-02T11:14:06.333184" elapsed="0.000299"/>
</branch>
<status status="PASS" start="2026-02-02T11:14:06.333143" elapsed="0.000387"/>
</if>
<kw name="Log" owner="BuiltIn">
<arg>${i}</arg>
<doc>Logs the given message with the given level.</doc>
<status status="NOT RUN" start="2026-02-02T11:14:06.333695" elapsed="0.000030"/>
</kw>
<var name="${i}">5</var>
<status status="PASS" start="2026-02-02T11:14:06.333052" elapsed="0.000720"/>
</iter>
<var>${i}</var>
<value>1</value>
<value>10</value>
<status status="PASS" start="2026-02-02T11:14:06.327067" elapsed="0.006767"/>
</for>
<status status="PASS" start="2026-02-02T11:14:06.326592" elapsed="0.007531"/>
</test>
<test id="s1-t11" name="CONTINUE Example" line="70">
<for flavor="IN RANGE">
<iter>
<if>
<branch type="IF" condition="${i} == 3">
<continue>
<status status="NOT RUN" start="2026-02-02T11:14:06.336385" elapsed="0.000027"/>
</continue>
<status status="NOT RUN" start="2026-02-02T11:14:06.336176" elapsed="0.000275"/>
</branch>
<status status="PASS" start="2026-02-02T11:14:06.336157" elapsed="0.000320"/>
</if>
<kw name="Log" owner="BuiltIn">
<msg time="2026-02-02T11:14:06.337022" level="INFO">1</msg>
<arg>${i}</arg>
<doc>Logs the given message with the given level.</doc>
<status status="PASS" start="2026-02-02T11:14:06.336590" elapsed="0.000496"/>
</kw>
<var name="${i}">1</var>
<status status="PASS" start="2026-02-02T11:14:06.336114" elapsed="0.001036"/>
</iter>
<iter>
<if>
<branch type="IF" condition="${i} == 3">
<continue>
<status status="NOT RUN" start="2026-02-02T11:14:06.337575" elapsed="0.000040"/>
</continue>
<status status="NOT RUN" start="2026-02-02T11:14:06.337425" elapsed="0.000222"/>
</branch>
<status status="PASS" start="2026-02-02T11:14:06.337408" elapsed="0.000278"/>
</if>
<kw name="Log" owner="BuiltIn">
<msg time="2026-02-02T11:14:06.338114" level="INFO">2</msg>
<arg>${i}</arg>
<doc>Logs the given message with the given level.</doc>
<status status="PASS" start="2026-02-02T11:14:06.337810" elapsed="0.000365"/>
</kw>
<var name="${i}">2</var>
<status status="PASS" start="2026-02-02T11:14:06.337369" elapsed="0.000867"/>
</iter>
<iter>
<if>
<branch type="IF" condition="${i} == 3">
<continue>
<status status="PASS" start="2026-02-02T11:14:06.338674" elapsed="0.000074"/>
</continue>
<status status="PASS" start="2026-02-02T11:14:06.338534" elapsed="0.000269"/>
</branch>
<status status="PASS" start="2026-02-02T11:14:06.338517" elapsed="0.000314"/>
</if>
<kw name="Log" owner="BuiltIn">
<arg>${i}</arg>
<doc>Logs the given message with the given level.</doc>
<status status="NOT RUN" start="2026-02-02T11:14:06.338965" elapsed="0.000026"/>
</kw>
<var name="${i}">3</var>
<status status="PASS" start="2026-02-02T11:14:06.338453" elapsed="0.000584"/>
</iter>
<iter>
<if>
<branch type="IF" condition="${i} == 3">
<continue>
<status status="NOT RUN" start="2026-02-02T11:14:06.339625" elapsed="0.000029"/>
</continue>
<status status="NOT RUN" start="2026-02-02T11:14:06.339379" elapsed="0.000339"/>
</branch>
<status status="PASS" start="2026-02-02T11:14:06.339352" elapsed="0.000432"/>
</if>
<kw name="Log" owner="BuiltIn">
<msg time="2026-02-02T11:14:06.340299" level="INFO">4</msg>
<arg>${i}</arg>
<doc>Logs the given message with the given level.</doc>
<status status="PASS" start="2026-02-02T11:14:06.339930" elapsed="0.000440"/>
</kw>
<var name="${i}">4</var>
<status status="PASS" start="2026-02-02T11:14:06.339294" elapsed="0.001113"/>
</iter>
<iter>
<if>
<branch type="IF" condition="${i} == 3">
<continue>
<status status="NOT RUN" start="2026-02-02T11:14:06.340869" elapsed="0.000028"/>
</continue>
<status status="NOT RUN" start="2026-02-02T11:14:06.340706" elapsed="0.000234"/>
</branch>
<status status="PASS" start="2026-02-02T11:14:06.340686" elapsed="0.000290"/>
</if>
<kw name="Log" owner="BuiltIn">
<msg time="2026-02-02T11:14:06.341672" level="INFO">5</msg>
<arg>${i}</arg>
<doc>Logs the given message with the given level.</doc>
<status status="PASS" start="2026-02-02T11:14:06.341164" elapsed="0.000624"/>
</kw>
<var name="${i}">5</var>
<status status="PASS" start="2026-02-02T11:14:06.340624" elapsed="0.001224"/>
</iter>
<var>${i}</var>
<value>1</value>
<value>6</value>
<status status="PASS" start="2026-02-02T11:14:06.335811" elapsed="0.006091"/>
</for>
<status status="PASS" start="2026-02-02T11:14:06.334520" elapsed="0.007667"/>
</test>
<test id="s1-t12" name="Try Except Example" line="78">
<try>
<branch type="TRY">
<kw name="Fail" owner="BuiltIn">
<msg time="2026-02-02T11:14:06.343696" level="FAIL">Something went wrong</msg>
<arg>Something went wrong</arg>
<doc>Fails the test with the given message and optionally alters its tags.</doc>
<status status="FAIL" start="2026-02-02T11:14:06.343222" elapsed="0.000674">Something went wrong</status>
</kw>
<status status="FAIL" start="2026-02-02T11:14:06.343093" elapsed="0.000893">Something went wrong</status>
</branch>
<branch type="EXCEPT">
<kw name="Log" owner="BuiltIn">
<msg time="2026-02-02T11:14:06.344405" level="INFO">Error handled</msg>
<arg>Error handled</arg>
<doc>Logs the given message with the given level.</doc>
<status status="PASS" start="2026-02-02T11:14:06.344165" elapsed="0.000294"/>
</kw>
<status status="PASS" start="2026-02-02T11:14:06.344059" elapsed="0.000438"/>
</branch>
<branch type="FINALLY">
<kw name="Log" owner="BuiltIn">
<msg time="2026-02-02T11:14:06.344942" level="INFO">Always executed</msg>
<arg>Always executed</arg>
<doc>Logs the given message with the given level.</doc>
<status status="PASS" start="2026-02-02T11:14:06.344681" elapsed="0.000311"/>
</kw>
<status status="PASS" start="2026-02-02T11:14:06.344571" elapsed="0.000471"/>
</branch>
<status status="PASS" start="2026-02-02T11:14:06.343017" elapsed="0.002052"/>
</try>
<status status="PASS" start="2026-02-02T11:14:06.342577" elapsed="0.002722"/>
</test>
<test id="s1-t13" name="Run Keyword If Example" line="87">
<kw name="Set Variable" owner="BuiltIn">
<msg time="2026-02-02T11:14:06.346434" level="INFO">${status} = PASS</msg>
<var>${status}</var>
<arg>PASS</arg>
<doc>Returns the given values which can then be assigned to a variables.</doc>
<status status="PASS" start="2026-02-02T11:14:06.346020" elapsed="0.000463"/>
</kw>
<kw name="Run Keyword If" owner="BuiltIn">
<kw name="Log" owner="BuiltIn">
<msg time="2026-02-02T11:14:06.347614" level="INFO">Test Passed</msg>
<arg>Test Passed</arg>
<doc>Logs the given message with the given level.</doc>
<status status="PASS" start="2026-02-02T11:14:06.347298" elapsed="0.000395"/>
</kw>
<arg>'${status}' == 'PASS'</arg>
<arg>Log</arg>
<arg>Test Passed</arg>
<doc>Runs the given keyword with the given arguments, if ``condition`` is true.</doc>
<status status="PASS" start="2026-02-02T11:14:06.346689" elapsed="0.001091"/>
</kw>
<status status="PASS" start="2026-02-02T11:14:06.345585" elapsed="0.002370"/>
</test>
<test id="s1-t14" name="Run Keyword Unless Example" line="91">
<kw name="Set Variable" owner="BuiltIn">
<msg time="2026-02-02T11:14:06.348975" level="INFO">${status} = FAIL</msg>
<var>${status}</var>
<arg>FAIL</arg>
<doc>Returns the given values which can then be assigned to a variables.</doc>
<status status="PASS" start="2026-02-02T11:14:06.348609" elapsed="0.000404"/>
</kw>
<kw name="Run Keyword Unless" owner="BuiltIn">
<msg time="2026-02-02T11:14:06.349281" level="WARN">Keyword 'BuiltIn.Run Keyword Unless' is deprecated. </msg>
<kw name="Log" owner="BuiltIn">
<msg time="2026-02-02T11:14:06.350483" level="INFO">Test Failed</msg>
<arg>Test Failed</arg>
<doc>Logs the given message with the given level.</doc>
<status status="PASS" start="2026-02-02T11:14:06.350186" elapsed="0.000360"/>
</kw>
<arg>'${status}' == 'PASS'</arg>
<arg>Log</arg>
<arg>Test Failed</arg>
<doc>*DEPRECATED since RF 5.0. Use native IF/ELSE or `Run Keyword If` instead.*</doc>
<status status="PASS" start="2026-02-02T11:14:06.349242" elapsed="0.001377"/>
</kw>
<status status="PASS" start="2026-02-02T11:14:06.348228" elapsed="0.002621"/>
</test>
<status status="PASS" start="2026-02-02T11:14:06.249974" elapsed="0.101432"/>
</suite>
<statistics>
<total>
<stat pass="14" fail="0" skip="0">All Tests</stat>
</total>
<tag>
</tag>
<suite>
<stat name="Source" id="s1" pass="14" fail="0" skip="0">Source</stat>
</suite>
</statistics>
<errors>
<msg time="2026-02-02T11:14:06.349281" level="WARN">Keyword 'BuiltIn.Run Keyword Unless' is deprecated. </msg>
</errors>
</robot>
