<?xml version="1.0" encoding="UTF-8"?>
<robot generator="Robot 7.4.1 (Python 3.13.7 on linux)" generated="2026-01-29T15:01:37.269409" rpa="false" schemaversion="5">
<suite id="s1" name="Tc 001" source="/home/vamshi/bhanu/Wipro/day12/TC001/tc_001.robot">
<test id="s1-t1" name="Open Google" line="5">
<kw name="Open Browser" owner="SeleniumLibrary">
<msg time="2026-01-29T15:01:37.377148" level="INFO">Opening browser 'chrome' to base url 'https://www.google.com'.</msg>
<arg>https://www.google.com</arg>
<arg>chrome</arg>
<doc>Opens a new browser instance to the optional ``url``.</doc>
<status status="PASS" start="2026-01-29T15:01:37.376945" elapsed="4.409163"/>
</kw>
<kw name="Title Should Be" owner="SeleniumLibrary">
<msg time="2026-01-29T15:01:41.789679" level="INFO">Page title is 'Google'.</msg>
<arg>Google</arg>
<doc>Verifies that the current page title equals ``title``.</doc>
<status status="PASS" start="2026-01-29T15:01:41.786433" elapsed="0.003335"/>
</kw>
<kw name="Close Browser" owner="SeleniumLibrary">
<doc>Closes the current browser.</doc>
<status status="PASS" start="2026-01-29T15:01:41.789969" elapsed="0.064694"/>
</kw>
<status status="PASS" start="2026-01-29T15:01:37.376242" elapsed="4.478665"/>
</test>
<status status="PASS" start="2026-01-29T15:01:37.270001" elapsed="4.585354"/>
</suite>
<statistics>
<total>
<stat pass="1" fail="0" skip="0">All Tests</stat>
</total>
<tag>
</tag>
<suite>
<stat name="Tc 001" id="s1" pass="1" fail="0" skip="0">Tc 001</stat>
</suite>
</statistics>
<errors>
</errors>
</robot>
