<?xml version="1.0" encoding="UTF-8"?>
<robot generator="Robot 7.4.1 (Python 3.13.7 on linux)" generated="2026-01-29T15:13:17.171529" rpa="false" schemaversion="5">
<suite id="s1" name="Tc 003" source="/home/vamshi/bhanu/Wipro/day12/TC003_keywords/tc_003.robot">
<test id="s1-t1" name="Google Search Test" line="9">
<kw name="Open application">
<kw name="Open Browser" owner="SeleniumLibrary">
<msg time="2026-01-29T15:13:17.278632" level="INFO">Opening browser 'chrome' to base url 'https://www.google.com'.</msg>
<arg>https://www.google.com</arg>
<arg>chrome</arg>
<doc>Opens a new browser instance to the optional ``url``.</doc>
<status status="PASS" start="2026-01-29T15:13:17.278443" elapsed="2.419888"/>
</kw>
<kw name="Maximize Browser Window" owner="SeleniumLibrary">
<doc>Maximizes current browser window.</doc>
<status status="PASS" start="2026-01-29T15:13:19.698530" elapsed="0.012533"/>
</kw>
<status status="PASS" start="2026-01-29T15:13:17.277916" elapsed="2.433282"/>
</kw>
<kw name="Title Should Be" owner="SeleniumLibrary">
<msg time="2026-01-29T15:13:19.715442" level="INFO">Page title is 'Google'.</msg>
<arg>Google</arg>
<doc>Verifies that the current page title equals ``title``.</doc>
<status status="PASS" start="2026-01-29T15:13:19.711391" elapsed="0.004158"/>
</kw>
<kw name="Close Browser" owner="SeleniumLibrary">
<doc>Closes the current browser.</doc>
<status status="PASS" start="2026-01-29T15:13:19.715738" elapsed="0.065227"/>
</kw>
<status status="PASS" start="2026-01-29T15:13:17.277409" elapsed="2.503773"/>
</test>
<status status="PASS" start="2026-01-29T15:13:17.172144" elapsed="2.609416"/>
</suite>
<statistics>
<total>
<stat pass="1" fail="0" skip="0">All Tests</stat>
</total>
<tag>
</tag>
<suite>
<stat name="Tc 003" id="s1" pass="1" fail="0" skip="0">Tc 003</stat>
</suite>
</statistics>
<errors>
</errors>
</robot>
