<?xml version="1.0" encoding="UTF-8"?>
<robot generator="Robot 7.4.1 (Python 3.13.7 on linux)" generated="2026-01-29T14:59:59.691149" rpa="false" schemaversion="5">
<suite id="s1" name="Tc 002" source="/home/vamshi/bhanu/Wipro/day12/TC002/tc_002.robot">
<test id="s1-t1" name="Open Google" line="5">
<kw name="Open Browser" owner="SeleniumLibrary">
<msg time="2026-01-29T14:59:59.806315" level="INFO">Opening browser 'chrome' to base url 'https://www.google.com'.</msg>
<arg>https://www.google.com</arg>
<arg>chrome</arg>
<doc>Opens a new browser instance to the optional ``url``.</doc>
<status status="PASS" start="2026-01-29T14:59:59.806109" elapsed="3.525010"/>
</kw>
<kw name="Title Should Be" owner="SeleniumLibrary">
<msg time="2026-01-29T15:00:03.370551" level="INFO">Page title is 'Google'.</msg>
<arg>Google</arg>
<doc>Verifies that the current page title equals ``title``.</doc>
<status status="PASS" start="2026-01-29T15:00:03.331604" elapsed="0.039107"/>
</kw>
<kw name="Close Browser" owner="SeleniumLibrary">
<doc>Closes the current browser.</doc>
<status status="PASS" start="2026-01-29T15:00:03.370956" elapsed="0.065499"/>
</kw>
<status status="PASS" start="2026-01-29T14:59:59.805422" elapsed="3.631481"/>
</test>
<status status="PASS" start="2026-01-29T14:59:59.691930" elapsed="3.745706"/>
</suite>
<statistics>
<total>
<stat pass="1" fail="0" skip="0">All Tests</stat>
</total>
<tag>
</tag>
<suite>
<stat name="Tc 002" id="s1" pass="1" fail="0" skip="0">Tc 002</stat>
</suite>
</statistics>
<errors>
</errors>
</robot>
