<?xml version="1.0" encoding="UTF-8"?>
<robot generator="Robot 7.4.1 (Python 3.13.7 on linux)" generated="2026-01-29T16:02:27.606731" rpa="false" schemaversion="5">
<suite id="s1" name="Tc 004" source="/home/vamshi/bhanu/Wipro/day12/TC004_VARIABLES/tc_004.robot">
<test id="s1-t1" name="Login Authentication" line="11">
<kw name="Open Browser" owner="SeleniumLibrary">
<msg time="2026-01-29T16:02:27.843419" level="INFO">Opening browser 'chrome' to base url 'https://opensource-demo.orangehrmlive.com/web/index.php/auth/login'.</msg>
<arg>${url}</arg>
<arg>${Browser}</arg>
<doc>Opens a new browser instance to the optional ``url``.</doc>
<status status="PASS" start="2026-01-29T16:02:27.842973" elapsed="28.671940"/>
</kw>
<kw name="Sleep" owner="BuiltIn">
<msg time="2026-01-29T16:03:01.516166" level="INFO">Slept 5 seconds.</msg>
<arg>5s</arg>
<doc>Pauses the test executed for the given time.</doc>
<status status="PASS" start="2026-01-29T16:02:56.515387" elapsed="5.001125"/>
</kw>
<kw name="Input Text" owner="SeleniumLibrary">
<msg time="2026-01-29T16:03:01.517934" level="INFO">Typing text 'Admin' into text field 'name=username'.</msg>
<arg>name=username</arg>
<arg>${Username}</arg>
<doc>Types the given ``text`` into the text field identified by ``locator``.</doc>
<status status="PASS" start="2026-01-29T16:03:01.517067" elapsed="0.161868"/>
</kw>
<kw name="Input Text" owner="SeleniumLibrary">
<msg time="2026-01-29T16:03:01.679903" level="INFO">Typing text 'admin123' into text field 'name=password'.</msg>
<arg>name=password</arg>
<arg>${Password}</arg>
<doc>Types the given ``text`` into the text field identified by ``locator``.</doc>
<status status="PASS" start="2026-01-29T16:03:01.679419" elapsed="0.135345"/>
</kw>
<kw name="Capture Page Screenshot" owner="SeleniumLibrary">
<msg time="2026-01-29T16:03:01.957598" level="INFO" html="true">&lt;/td&gt;&lt;/tr&gt;&lt;tr&gt;&lt;td colspan="3"&gt;&lt;a href="before.png"&gt;&lt;img src="before.png" width="800px"&gt;&lt;/a&gt;</msg>
<arg>filename=before.png</arg>
<doc>Takes a screenshot of the current page and embeds it into a log file.</doc>
<status status="PASS" start="2026-01-29T16:03:01.815275" elapsed="0.142565"/>
</kw>
<kw name="Click Button" owner="SeleniumLibrary">
<msg time="2026-01-29T16:03:01.958723" level="INFO">Clicking button 'xpath=//*[@id="app"]/div[1]/div/div[1]/div/div[2]/div[2]/form/div[3]/button'.</msg>
<arg>xpath=//*[@id="app"]/div[1]/div/div[1]/div/div[2]/div[2]/form/div[3]/button</arg>
<doc>Clicks the button identified by ``locator``.</doc>
<status status="PASS" start="2026-01-29T16:03:01.958292" elapsed="0.142133"/>
</kw>
<kw name="Capture Page Screenshot" owner="SeleniumLibrary">
<msg time="2026-01-29T16:03:10.702614" level="INFO" html="true">&lt;/td&gt;&lt;/tr&gt;&lt;tr&gt;&lt;td colspan="3"&gt;&lt;a href="after.png"&gt;&lt;img src="after.png" width="800px"&gt;&lt;/a&gt;</msg>
<arg>filename=after.png</arg>
<doc>Takes a screenshot of the current page and embeds it into a log file.</doc>
<status status="PASS" start="2026-01-29T16:03:02.100914" elapsed="8.601933"/>
</kw>
<kw name="Close Browser" owner="SeleniumLibrary">
<doc>Closes the current browser.</doc>
<status status="PASS" start="2026-01-29T16:03:10.703247" elapsed="0.091056"/>
</kw>
<kw name="Log To Console" owner="BuiltIn">
<arg>message="Test successfull"</arg>
<doc>Logs the given message to the console.</doc>
<status status="PASS" start="2026-01-29T16:03:10.794625" elapsed="0.000503"/>
</kw>
<status status="PASS" start="2026-01-29T16:02:27.841576" elapsed="42.953883"/>
</test>
<status status="PASS" start="2026-01-29T16:02:27.608111" elapsed="43.187979"/>
</suite>
<statistics>
<total>
<stat pass="1" fail="0" skip="0">All Tests</stat>
</total>
<tag>
</tag>
<suite>
<stat name="Tc 004" id="s1" pass="1" fail="0" skip="0">Tc 004</stat>
</suite>
</statistics>
<errors>
</errors>
</robot>
